Warning: Permanently added '[localhost]:14099' (ED25519) to the list of known hosts.
2025/11/22 22:36:35 parsed 1 programs
syzkaller login: [  199.492289][ T9767] cgroup: Unknown subsys name 'net'
[  199.655015][ T9767] cgroup: Unknown subsys name 'cpuset'
[  199.684647][ T9767] cgroup: Unknown subsys name 'rlimit'
[  199.687717][ T9767] cgroup: Unknown subsys name 'memory'
[  203.788538][ T9767] Adding 124996k swap on ./swap-file.  Priority:0 extents:1 across:124996k 
[  210.853015][ T9782] chnl_net:caif_netlink_parms(): no params data found
[  211.093923][ T9782] bridge0: port 1(bridge_slave_0) entered blocking state
[  211.096912][ T9782] bridge0: port 1(bridge_slave_0) entered disabled state
[  211.099000][ T9782] bridge_slave_0: entered allmulticast mode
[  211.106464][ T9782] bridge_slave_0: entered promiscuous mode
[  211.115861][ T9782] bridge0: port 2(bridge_slave_1) entered blocking state
[  211.117741][ T9782] bridge0: port 2(bridge_slave_1) entered disabled state
[  211.119770][ T9782] bridge_slave_1: entered allmulticast mode
[  211.126448][ T9782] bridge_slave_1: entered promiscuous mode
[  211.220074][ T9782] bond0: (slave bond_slave_0): Enslaving as an active interface with an up link
[  211.231734][ T9782] bond0: (slave bond_slave_1): Enslaving as an active interface with an up link
[  211.322798][ T9782] team0: Port device team_slave_0 added
[  211.333591][ T9782] team0: Port device team_slave_1 added
[  211.422357][ T9782] batman_adv: batadv0: Adding interface: batadv_slave_0
[  211.423992][ T9782] batman_adv: batadv0: The MTU of interface batadv_slave_0 is too small (1500) to handle the transport of batman-adv packets. Packets going over this interface will be fragmented on layer2 which could impact the performance. Setting the MTU to 1532 would solve the problem.
[  211.429535][ T9782] batman_adv: batadv0: Not using interface batadv_slave_0 (retrying later): interface not active
[  211.436357][ T9782] batman_adv: batadv0: Adding interface: batadv_slave_1
[  211.437985][ T9782] batman_adv: batadv0: The MTU of interface batadv_slave_1 is too small (1500) to handle the transport of batman-adv packets. Packets going over this interface will be fragmented on layer2 which could impact the performance. Setting the MTU to 1532 would solve the problem.
[  211.446464][ T9782] batman_adv: batadv0: Not using interface batadv_slave_1 (retrying later): interface not active
[  211.596605][ T9782] hsr_slave_0: entered promiscuous mode
[  211.606775][ T9782] hsr_slave_1: entered promiscuous mode
[  212.362610][ T9782] netdevsim netdevsim0 netdevsim0: renamed from eth0
[  212.380609][ T9782] netdevsim netdevsim0 netdevsim1: renamed from eth1
[  212.396544][ T9782] netdevsim netdevsim0 netdevsim2: renamed from eth2
[  212.407493][ T9782] netdevsim netdevsim0 netdevsim3: renamed from eth3
[  212.599997][ T9782] 8021q: adding VLAN 0 to HW filter on device bond0
[  212.635751][ T9782] 8021q: adding VLAN 0 to HW filter on device team0
[  212.651014][  T765] bridge0: port 1(bridge_slave_0) entered blocking state
[  212.653783][  T765] bridge0: port 1(bridge_slave_0) entered forwarding state
[  212.676946][  T765] bridge0: port 2(bridge_slave_1) entered blocking state
[  212.679498][  T765] bridge0: port 2(bridge_slave_1) entered forwarding state
[  213.189900][ T9782] 8021q: adding VLAN 0 to HW filter on device batadv0
[  213.298826][ T9782] veth0_vlan: entered promiscuous mode
[  213.316556][ T9782] veth1_vlan: entered promiscuous mode
[  213.400091][ T9782] veth0_macvtap: entered promiscuous mode
[  213.417267][ T9782] veth1_macvtap: entered promiscuous mode
[  213.454422][ T9782] batman_adv: batadv0: Interface activated: batadv_slave_0
[  213.475621][ T9782] batman_adv: batadv0: Interface activated: batadv_slave_1
[  213.496804][   T15] netdevsim netdevsim0 netdevsim0: set [1, 0] type 2 family 0 port 6081 - 0
[  213.502713][   T15] netdevsim netdevsim0 netdevsim1: set [1, 0] type 2 family 0 port 6081 - 0
[  213.515463][   T14] netdevsim netdevsim0 netdevsim2: set [1, 0] type 2 family 0 port 6081 - 0
[  213.517983][   T14] netdevsim netdevsim0 netdevsim3: set [1, 0] type 2 family 0 port 6081 - 0
[  213.938581][   T15] netdevsim netdevsim0 netdevsim3 (unregistering): unset [1, 0] type 2 family 0 port 6081 - 0
[  214.026621][   T15] netdevsim netdevsim0 netdevsim2 (unregistering): unset [1, 0] type 2 family 0 port 6081 - 0
[  214.117091][   T15] netdevsim netdevsim0 netdevsim1 (unregistering): unset [1, 0] type 2 family 0 port 6081 - 0
[  214.283137][   T15] netdevsim netdevsim0 netdevsim0 (unregistering): unset [1, 0] type 2 family 0 port 6081 - 0
[  215.710867][   T15] bridge_slave_1: left allmulticast mode
[  215.712614][   T15] bridge_slave_1: left promiscuous mode
[  215.715925][   T15] bridge0: port 2(bridge_slave_1) entered disabled state
[  215.745190][   T15] bridge_slave_0: left allmulticast mode
[  215.747032][   T15] bridge_slave_0: left promiscuous mode
[  215.748566][   T15] bridge0: port 1(bridge_slave_0) entered disabled state
[  216.285562][   T15] bond0 (unregistering): (slave bond_slave_0): Releasing backup interface
[  216.293884][   T15] bond0 (unregistering): (slave bond_slave_1): Releasing backup interface
[  216.298462][   T15] bond0 (unregistering): Released all slaves
[  216.490473][   T15] hsr_slave_0: left promiscuous mode
[  216.494509][   T15] hsr_slave_1: left promiscuous mode
[  216.497225][   T15] batman_adv: batadv0: Interface deactivated: batadv_slave_0
[  216.499193][   T15] batman_adv: batadv0: Removing interface: batadv_slave_0
[  216.516089][   T15] batman_adv: batadv0: Interface deactivated: batadv_slave_1
[  216.518070][   T15] batman_adv: batadv0: Removing interface: batadv_slave_1
[  216.559453][   T15] veth1_macvtap: left promiscuous mode
[  216.561176][   T15] veth0_macvtap: left promiscuous mode
[  216.562720][   T15] veth1_vlan: left promiscuous mode
[  216.564111][   T15] veth0_vlan: left promiscuous mode
[  217.281284][   T15] team0 (unregistering): Port device team_slave_1 removed
[  217.343433][   T15] team0 (unregistering): Port device team_slave_0 removed
[  222.181304][ T5157] Bluetooth: hci0: unexpected cc 0x0c03 length: 249 > 1
[  222.185791][ T5157] Bluetooth: hci0: unexpected cc 0x1003 length: 249 > 9
[  222.188852][ T5157] Bluetooth: hci0: unexpected cc 0x1001 length: 249 > 9
[  222.192315][ T5157] Bluetooth: hci0: unexpected cc 0x0c23 length: 249 > 4
[  222.195206][ T5157] Bluetooth: hci0: unexpected cc 0x0c38 length: 249 > 2
[  223.190099][  T765] wlan0: Created IBSS using preconfigured BSSID 50:50:50:50:50:50
[  223.192192][  T765] wlan0: Creating new IBSS network, BSSID 50:50:50:50:50:50
[  223.261573][  T765] wlan1: Created IBSS using preconfigured BSSID 50:50:50:50:50:50
[  223.263348][  T765] wlan1: Creating new IBSS network, BSSID 50:50:50:50:50:50
2025/11/22 22:37:09 executed programs: 0
[  227.449139][   T58] Bluetooth: hci0: unexpected cc 0x0c03 length: 249 > 1
[  227.467464][   T58] Bluetooth: hci0: unexpected cc 0x1003 length: 249 > 9
[  227.474342][   T58] Bluetooth: hci0: unexpected cc 0x1001 length: 249 > 9
[  227.479284][   T58] Bluetooth: hci0: unexpected cc 0x0c23 length: 249 > 4
[  227.489540][   T58] Bluetooth: hci0: unexpected cc 0x0c38 length: 249 > 2
[  228.044822][T10611] chnl_net:caif_netlink_parms(): no params data found
[  228.231820][T10611] bridge0: port 1(bridge_slave_0) entered blocking state
[  228.233718][T10611] bridge0: port 1(bridge_slave_0) entered disabled state
[  228.235474][T10611] bridge_slave_0: entered allmulticast mode
[  228.239485][T10611] bridge_slave_0: entered promiscuous mode
[  228.246342][T10611] bridge0: port 2(bridge_slave_1) entered blocking state
[  228.248235][T10611] bridge0: port 2(bridge_slave_1) entered disabled state
[  228.250072][T10611] bridge_slave_1: entered allmulticast mode
[  228.254354][T10611] bridge_slave_1: entered promiscuous mode
[  228.332922][T10611] bond0: (slave bond_slave_0): Enslaving as an active interface with an up link
[  228.340583][T10611] bond0: (slave bond_slave_1): Enslaving as an active interface with an up link
[  228.415046][T10611] team0: Port device team_slave_0 added
[  228.422715][T10611] team0: Port device team_slave_1 added
[  228.505076][T10611] batman_adv: batadv0: Adding interface: batadv_slave_0
[  228.506708][T10611] batman_adv: batadv0: The MTU of interface batadv_slave_0 is too small (1500) to handle the transport of batman-adv packets. Packets going over this interface will be fragmented on layer2 which could impact the performance. Setting the MTU to 1532 would solve the problem.
[  228.513326][T10611] batman_adv: batadv0: Not using interface batadv_slave_0 (retrying later): interface not active
[  228.518853][T10611] batman_adv: batadv0: Adding interface: batadv_slave_1
[  228.520657][T10611] batman_adv: batadv0: The MTU of interface batadv_slave_1 is too small (1500) to handle the transport of batman-adv packets. Packets going over this interface will be fragmented on layer2 which could impact the performance. Setting the MTU to 1532 would solve the problem.
[  228.526161][T10611] batman_adv: batadv0: Not using interface batadv_slave_1 (retrying later): interface not active
[  228.633718][T10611] hsr_slave_0: entered promiscuous mode
[  228.636638][T10611] hsr_slave_1: entered promiscuous mode
[  229.381554][T10611] netdevsim netdevsim0 netdevsim0: renamed from eth0
[  229.392150][T10611] netdevsim netdevsim0 netdevsim1: renamed from eth1
[  229.401826][T10611] netdevsim netdevsim0 netdevsim2: renamed from eth2
[  229.410547][T10611] netdevsim netdevsim0 netdevsim3: renamed from eth3
[  229.575028][T10611] 8021q: adding VLAN 0 to HW filter on device bond0
[  229.603507][T10611] 8021q: adding VLAN 0 to HW filter on device team0
[  229.618661][   T37] bridge0: port 1(bridge_slave_0) entered blocking state
[  229.621172][   T37] bridge0: port 1(bridge_slave_0) entered forwarding state
[  229.624538][ T5157] Bluetooth: hci0: command tx timeout
[  229.642277][   T37] bridge0: port 2(bridge_slave_1) entered blocking state
[  229.644098][   T37] bridge0: port 2(bridge_slave_1) entered forwarding state
[  230.106197][T10611] 8021q: adding VLAN 0 to HW filter on device batadv0
[  230.187603][T10611] veth0_vlan: entered promiscuous mode
[  230.203177][T10611] veth1_vlan: entered promiscuous mode
[  230.266457][T10611] veth0_macvtap: entered promiscuous mode
[  230.276616][T10611] veth1_macvtap: entered promiscuous mode
[  230.306567][T10611] batman_adv: batadv0: Interface activated: batadv_slave_0
[  230.329587][T10611] batman_adv: batadv0: Interface activated: batadv_slave_1
[  230.353659][   T15] netdevsim netdevsim0 netdevsim0: set [1, 0] type 2 family 0 port 6081 - 0
[  230.357771][   T15] netdevsim netdevsim0 netdevsim1: set [1, 0] type 2 family 0 port 6081 - 0
[  230.361330][   T15] netdevsim netdevsim0 netdevsim2: set [1, 0] type 2 family 0 port 6081 - 0
[  230.364408][   T15] netdevsim netdevsim0 netdevsim3: set [1, 0] type 2 family 0 port 6081 - 0
[  230.571155][   T54] wlan0: Created IBSS using preconfigured BSSID 50:50:50:50:50:50
[  230.573963][   T54] wlan0: Creating new IBSS network, BSSID 50:50:50:50:50:50
[  230.693786][   T54] wlan1: Created IBSS using preconfigured BSSID 50:50:50:50:50:50
[  230.696577][   T54] wlan1: Creating new IBSS network, BSSID 50:50:50:50:50:50
[  230.779455][T10977] comedi comedi1: c6xdigio: I/O port conflict (0xfffffffffffffc01,3)
[  230.783761][T10977] ------------[ cut here ]------------
[  230.785177][T10977] Unexpected driver unregister!
[  230.787287][T10977] WARNING: CPU: 0 PID: 10977 at drivers/base/driver.c:273 driver_unregister+0x90/0xb0
[  230.789508][T10977] Modules linked in:
[  230.790885][T10977] CPU: 0 UID: 0 PID: 10977 Comm: syz.0.17 Not tainted 6.18.0-rc6 #1 PREEMPT(full) 
[  230.793208][T10977] Hardware name: QEMU Standard PC (i440FX + PIIX, 1996), BIOS 1.15.0-1 04/01/2014
[  230.795714][T10977] RIP: 0010:driver_unregister+0x90/0xb0
[  230.798561][T10977] Code: 68 4c 89 e7 e8 61 8b 92 fc 48 89 ef e8 d9 93 ff ff 5d 41 5c e9 b1 ff eb fb e8 ac ff eb fb 48 c7 c7 a0 ea dc 8b e8 f0 16 ab fb <0f> 0b 5d 41 5c e9 96 ff eb fb e8 81 fc 52 fc eb 96 e8 7a fc 52 fc
[  230.804452][T10977] RSP: 0018:ffffc9000643f9a0 EFLAGS: 00010282
[  230.805810][T10977] RAX: 0000000000000000 RBX: ffff888029b1c800 RCX: ffffffff817a63a9
[  230.807618][T10977] RDX: ffff8880376d0000 RSI: ffffffff817a63b6 RDI: 0000000000000001
[  230.809393][T10977] RBP: ffffffff8fae51a0 R08: 0000000000000001 R09: ffffed100c504841
[  230.811320][T10977] R10: 0000000000000000 R11: 0000000000000001 R12: 0000000000000000
[  230.813060][T10977] R13: dffffc0000000000 R14: 0000000000000000 R15: ffff888029b1c800
[  230.814826][T10977] FS:  0000555593a3f500(0000) GS:ffff8880cf31c000(0000) knlGS:0000000000000000
[  230.817076][T10977] CS:  0010 DS: 0000 ES: 0000 CR0: 0000000080050033
[  230.818595][T10977] CR2: 0000001b33e63fff CR3: 0000000110fe8000 CR4: 0000000000752ef0
[  230.820553][T10977] PKRU: 00000000
[  230.821441][T10977] Call Trace:
[  230.822342][T10977]  <TASK>
[  230.823042][T10977]  comedi_device_detach_locked+0x12f/0xa50
[  230.824516][T10977]  comedi_device_detach+0x6b/0xc0
[  230.825659][T10977]  comedi_device_attach+0x3ce/0x900
[  230.826874][T10977]  do_devconfig_ioctl+0x19e/0x6d0
[  230.828077][T10977]  ? comedi_unlocked_ioctl+0x165/0x2e50
[  230.829330][T10977]  ? __pfx_do_devconfig_ioctl+0x10/0x10
[  230.831160][T10977]  comedi_unlocked_ioctl+0x15fc/0x2e50
[  230.832593][T10977]  ? tomoyo_path_number_perm+0x169/0x550
[  230.833854][T10977]  ? __pfx_futex_hash_put+0x4/0x10
[  230.835065][T10977]  ? __pfx_tomoyo_path_number_perm+0x10/0x10
[  230.836450][T10977]  ? __pfx_comedi_unlocked_ioctl+0x10/0x10
[  230.837799][T10977]  ? __sanitizer_cov_trace_switch+0x54/0x90
[  230.839155][T10977]  ? do_vfs_ioctl+0x125/0x1460
[  230.840457][T10977]  ? __pfx_do_vfs_ioctl+0x10/0x10
[  230.841629][T10977]  ? handle_mm_fault+0x65d/0xaf0
[  230.842809][T10977]  ? hook_file_ioctl_common+0x146/0x3f0
[  230.844205][T10977]  ? __x64_sys_futex+0x1c5/0x4c0
[  230.845518][T10977]  ? __x64_sys_futex+0x1ce/0x4c0
[  230.846878][T10977]  ? __pfx___x64_sys_futex+0x10/0x10
[  230.848195][T10977]  ? __pfx_comedi_unlocked_ioctl+0x10/0x10
[  230.849729][T10977]  __x64_sys_ioctl+0x18f/0x210
[  230.851078][T10977]  do_syscall_64+0x72/0xfa0
[  230.852404][T10977]  entry_SYSCALL_64_after_hwframe+0x76/0x7e
[  230.854346][T10977] RIP: 0033:0x7ffbd57ae16d
[  230.855416][T10977] Code: 02 b8 ff ff ff ff c3 66 0f 1f 44 00 00 f3 0f 1e fa 48 89 f8 48 89 f7 48 89 d6 48 89 ca 4d 89 c2 4d 89 c8 4c 8b 4c 24 08 0f 05 <48> 3d 01 f0 ff ff 73 01 c3 48 c7 c1 a8 ff ff ff f7 d8 64 89 01 48
[  230.860497][T10977] RSP: 002b:00007ffea8c52368 EFLAGS: 00000246 ORIG_RAX: 0000000000000010
[  230.862359][T10977] RAX: ffffffffffffffda RBX: 00007ffbd59f5fa0 RCX: 00007ffbd57ae16d
[  230.864099][T10977] RDX: 00002000000000c0 RSI: 0000000040946400 RDI: 0000000000000003
[  230.865823][T10977] RBP: 00007ffbd58480f0 R08: 0000000000000000 R09: 0000000000000000
[  230.867693][T10977] R10: 0000000000000000 R11: 0000000000000246 R12: 0000000000000000
[  230.869399][T10977] R13: 00007ffbd59f5fac R14: 00007ffbd59f5fa0 R15: 0000000000000000
[  230.871823][T10977]  </TASK>
[  230.872556][T10977] Kernel panic - not syncing: kernel: panic_on_warn set ...
[  230.874125][T10977] CPU: 0 UID: 0 PID: 10977 Comm: syz.0.17 Not tainted 6.18.0-rc6 #1 PREEMPT(full) 
[  230.876131][T10977] Hardware name: QEMU Standard PC (i440FX + PIIX, 1996), BIOS 1.15.0-1 04/01/2014
[  230.878106][T10977] Call Trace:
[  230.878861][T10977]  <TASK>
[  230.879531][T10977]  dump_stack_lvl+0x3d/0x1b0
[  230.880595][T10977]  vpanic+0x679/0x710
[  230.881560][T10977]  ? driver_unregister+0x90/0xb0
[  230.882666][T10977]  panic+0xc2/0xd0
[  230.883532][T10977]  ? __pfx_panic+0x10/0x10
[  230.884551][T10977]  ? check_panic_on_warn+0x1f/0xc0
[  230.885700][T10977]  check_panic_on_warn+0xb1/0xc0
[  230.886799][T10977]  __warn+0xf6/0x3d0
[  230.887688][T10977]  ? vprintk_emit+0x1dd/0x670
[  230.888743][T10977]  ? driver_unregister+0x90/0xb0
[  230.889866][T10977]  report_bug+0x2e1/0x500
[  230.890844][T10977]  ? driver_unregister+0x90/0xb0
[  230.891981][T10977]  ? driver_unregister+0x90/0xb0
[  230.893108][T10977]  handle_bug+0x30c/0x3b0
[  230.894103][T10977]  exc_invalid_op+0x35/0x70
[  230.895134][T10977]  asm_exc_invalid_op+0x1a/0x20
[  230.896221][T10977] RIP: 0010:driver_unregister+0x90/0xb0
[  230.897496][T10977] Code: 68 4c 89 e7 e8 61 8b 92 fc 48 89 ef e8 d9 93 ff ff 5d 41 5c e9 b1 ff eb fb e8 ac ff eb fb 48 c7 c7 a0 ea dc 8b e8 f0 16 ab fb <0f> 0b 5d 41 5c e9 96 ff eb fb e8 81 fc 52 fc eb 96 e8 7a fc 52 fc
[  230.901570][T10977] RSP: 0018:ffffc9000643f9a0 EFLAGS: 00010282
[  230.902901][T10977] RAX: 0000000000000000 RBX: ffff888029b1c800 RCX: ffffffff817a63a9
[  230.904607][T10977] RDX: ffff8880376d0000 RSI: ffffffff817a63b6 RDI: 0000000000000001
[  230.906335][T10977] RBP: ffffffff8fae51a0 R08: 0000000000000001 R09: ffffed100c504841
[  230.908051][T10977] R10: 0000000000000000 R11: 0000000000000001 R12: 0000000000000000
[  230.909797][T10977] R13: dffffc0000000000 R14: 0000000000000000 R15: ffff888029b1c800
[  230.911539][T10977]  ? __warn_printk+0x179/0x310
[  230.912612][T10977]  ? __warn_printk+0x186/0x310
[  230.913698][T10977]  comedi_device_detach_locked+0x12f/0xa50
[  230.915008][T10977]  comedi_device_detach+0x6b/0xc0
[  230.916154][T10977]  comedi_device_attach+0x3ce/0x900
[  230.917308][T10977]  do_devconfig_ioctl+0x19e/0x6d0
[  230.918457][T10977]  ? comedi_unlocked_ioctl+0x165/0x2e50
[  230.919713][T10977]  ? __pfx_do_devconfig_ioctl+0x10/0x10
[  230.921001][T10977]  comedi_unlocked_ioctl+0x15fc/0x2e50
[  230.922249][T10977]  ? tomoyo_path_number_perm+0x169/0x550
[  230.923524][T10977]  ? __pfx_futex_hash_put+0x4/0x10
[  230.924680][T10977]  ? __pfx_tomoyo_path_number_perm+0x10/0x10
[  230.926020][T10977]  ? __pfx_comedi_unlocked_ioctl+0x10/0x10
[  230.927330][T10977]  ? __sanitizer_cov_trace_switch+0x54/0x90
[  230.928648][T10977]  ? do_vfs_ioctl+0x125/0x1460
[  230.929737][T10977]  ? __pfx_do_vfs_ioctl+0x10/0x10
[  230.930918][T10977]  ? handle_mm_fault+0x65d/0xaf0
[  230.932064][T10977]  ? hook_file_ioctl_common+0x146/0x3f0
[  230.933293][T10977]  ? __x64_sys_futex+0x1c5/0x4c0
[  230.934397][T10977]  ? __x64_sys_futex+0x1ce/0x4c0
[  230.935543][T10977]  ? __pfx___x64_sys_futex+0x10/0x10
[  230.936726][T10977]  ? __pfx_comedi_unlocked_ioctl+0x10/0x10
[  230.938019][T10977]  __x64_sys_ioctl+0x18f/0x210
[  230.939107][T10977]  do_syscall_64+0x72/0xfa0
[  230.940130][T10977]  entry_SYSCALL_64_after_hwframe+0x76/0x7e
[  230.941578][T10977] RIP: 0033:0x7ffbd57ae16d
[  230.942588][T10977] Code: 02 b8 ff ff ff ff c3 66 0f 1f 44 00 00 f3 0f 1e fa 48 89 f8 48 89 f7 48 89 d6 48 89 ca 4d 89 c2 4d 89 c8 4c 8b 4c 24 08 0f 05 <48> 3d 01 f0 ff ff 73 01 c3 48 c7 c1 a8 ff ff ff f7 d8 64 89 01 48
[  230.946765][T10977] RSP: 002b:00007ffea8c52368 EFLAGS: 00000246 ORIG_RAX: 0000000000000010
[  230.948589][T10977] RAX: ffffffffffffffda RBX: 00007ffbd59f5fa0 RCX: 00007ffbd57ae16d
[  230.950275][T10977] RDX: 00002000000000c0 RSI: 0000000040946400 RDI: 0000000000000003
[  230.951987][T10977] RBP: 00007ffbd58480f0 R08: 0000000000000000 R09: 0000000000000000
[  230.953678][T10977] R10: 0000000000000000 R11: 0000000000000246 R12: 0000000000000000
[  230.955361][T10977] R13: 00007ffbd59f5fac R14: 00007ffbd59f5fa0 R15: 0000000000000000
[  230.957088][T10977]  </TASK>
[  230.958503][T10977] Kernel Offset: disabled
[  230.959482][T10977] Rebooting in 86400 seconds..

VM DIAGNOSIS:
06:37:14  Registers:
info registers vcpu 0
RAX=0000000000000034 RBX=00000000000003f8 RCX=0000000000000000 RDX=00000000000003f8
RSI=ffffffff851bd105 RDI=ffffffff9a8b54c0 RBP=ffffffff9a8b5480 RSP=ffffc9000643f2f8
R8 =0000000000000000 R9 =ffffed1020c0c046 R10=0000000000000000 R11=0000000000000007
R12=0000000000000000 R13=0000000000000034 R14=ffffffff9a8b5480 R15=ffffffff851bd0a0
RIP=ffffffff851bd12f RFL=00000002 [-------] CPL=0 II=0 A20=1 SMM=0 HLT=0
ES =0000 0000000000000000 ffffffff 00c00000
CS =0010 0000000000000000 ffffffff 00a09b00 DPL=0 CS64 [-RA]
SS =0018 0000000000000000 ffffffff 00c09300 DPL=0 DS   [-WA]
DS =0000 0000000000000000 ffffffff 00c00000
FS =0000 0000555593a3f500 ffffffff 00c00000
GS =0000 ffff8880cf31c000 ffffffff 00c00000
LDT=0000 0000000000000000 ffffffff 00c00000
TR =0040 fffffe0000003000 00004087 00008b00 DPL=0 TSS64-busy
GDT=     fffffe0000001000 0000007f
IDT=     fffffe0000000000 00000fff
CR0=80050033 CR2=0000001b33e63fff CR3=0000000110fe8000 CR4=00752ef0
DR0=0000000000000000 DR1=0000000000000000 DR2=0000000000000000 DR3=0000000000000000 
DR6=00000000ffff0ff0 DR7=0000000000000400
EFER=0000000000000d01
FCW=037f FSW=0000 [ST=0] FTW=00 MXCSR=00001f80
FPR0=0000000000000000 0000 FPR1=0000000000000000 0000
FPR2=0000000000000000 0000 FPR3=0000000000000000 0000
FPR4=0000000000000000 0000 FPR5=0000000000000000 0000
FPR6=0000000000000000 0000 FPR7=0000000000000000 0000
Opmask00=0000000000008001 Opmask01=0000000000000fff Opmask02=00000000ffffffef Opmask03=0000000000000000
Opmask04=0000000000000000 Opmask05=0000000000000000 Opmask06=0000000000000000 Opmask07=0000000000000000
ZMM00=0000000000000000 0000000000000000 0000000000000000 0000000000000000 0000000000000000 0000000000000000 0000000000000000 0000000000000000
ZMM01=0000000000000000 0000000000000000 0000000000000000 0000000000000000 0000000000000000 0000000000000000 0000000000000000 000000006f696769
ZMM02=0000000000000000 0000000000000000 0000000000000000 0000000000000000 0000000000000000 0000000000000000 0000000000000000 00007ffea8c525b0
ZMM03=0000000000000000 0000000000000000 0000000000000000 0000000000000000 0000000000000000 0000000000000000 00007ffea8c525b0 00007ffea8c525b0
ZMM04=0000000000000000 0000000000000000 0000000000000000 0000000000000000 0000000000000000 0000000000000000 0000000000000000 00007ffea8c525ef
ZMM05=0000000000000000 0000000000000000 0000000000000000 0000000000000000 0000000000000000 0000000000000000 0000555593a3f500 0000000000000000
ZMM06=0000000000000000 0000000000000000 0000000000000000 0000000000000000 0000000000000000 0000000000000000 0000000000000000 00007ffbd652d660
ZMM07=0000000000000000 0000000000000000 0000000000000000 0000000000000000 0000000000000000 0000000000000000 00007ffbd57a4878 0000000000000000
ZMM08=0000000000000000 0000000000000000 0000000000000000 0000000000000000 0000000000000000 0000000000000000 0000000000000000 0000000000000000
ZMM09=0000000000000000 0000000000000000 0000000000000000 0000000000000000 0000000000000000 0000000000000000 0000000000000000 0000000000000000
ZMM10=0000000000000000 0000000000000000 0000000000000000 0000000000000000 0000000000000000 0000000000000000 0000000000000000 0000000000000000
ZMM11=0000000000000000 0000000000000000 0000000000000000 0000000000000000 0000000000000000 0000000000000000 0000000000000000 0000000000000000
ZMM12=0000000000000000 0000000000000000 0000000000000000 0000000000000000 0000000000000000 0000000000000000 0000000000000000 0000000000000000
ZMM13=0000000000000000 0000000000000000 0000000000000000 0000000000000000 0000000000000000 0000000000000000 0000000000000000 0000000000000000
ZMM14=0000000000000000 0000000000000000 0000000000000000 0000000000000000 0000000000000000 0000000000000000 0000000000000000 0000000000000000
ZMM15=0000000000000000 0000000000000000 0000000000000000 0000000000000000 0000000000000000 0000000000000000 0000000000000000 0000000000000000
ZMM16=0000000000000000 0000000000000000 0000000000000000 0000000000000000 0000000000000000 0000000000000000 0000000000000000 0000000000000000
ZMM17=0000000000000000 0000000000000000 0000000000000000 0000000000000000 2525252525252525 2525252525252525 2525252525252525 2525252525252525
ZMM18=0000000000000000 0000000000000000 0000000000000000 0000000000000000 6f6c667265766f20 6772612061746164 000a747261745374 6f687370616e5300
ZMM19=0000000000000000 0000000000000000 0000000000000000 0000000000000000 4a49435740534a05 4257440544514441 000a515744515351 4a4d5655444b5300
ZMM20=0000000000000000 0000000000000000 0000000000000000 0000000000000000 0000000000000000 0000000000000000 0000000000000000 0000000000000000
ZMM21=0000000000000000 0000000000000000 0000000000000000 0000000000000000 0000000000000000 0000000000000000 0000000000000000 0000000000000000
ZMM22=0000000000000000 0000000000000000 0000000000000000 0000000000000000 0000000000000000 0000000000000000 0000000000000000 0000000000000000
ZMM23=0000000000000000 0000000000000000 0000000000000000 0000000000000000 0000000000000000 0000000000000000 0000000000000000 0000000000000000
ZMM24=0000000000000000 0000000000000000 0000000000000000 0000000000000000 0000000000000000 0000000000000000 0000000000000000 0000000000000000
ZMM25=0000000000000000 0000000000000000 0000000000000000 0000000000000000 0000000000000000 0000000000000000 0000000000000000 0000000000000000
ZMM26=0000000000000000 0000000000000000 0000000000000000 0000000000000000 0000000000000000 0000000000000000 0000000000000000 0000000000000000
ZMM27=0000000000000000 0000000000000000 0000000000000000 0000000000000000 0000000000000000 0000000000000000 0000000000000000 0000000000000000
ZMM28=0000000000000000 0000000000000000 0000000000000000 0000000000000000 0000000000000000 0000000000000000 0000000000000000 0000000000000000
ZMM29=0000000000000000 0000000000000000 0000000000000000 0000000000000000 0000000000000000 0000000000000000 0000000000000000 0000000000000000
ZMM30=0000000000000000 0000000000000000 0000000000000000 0000000000000000 0000000000000000 0000000000000000 0000000000000000 0000000000000000
ZMM31=0000000000000000 0000000000000000 0000000000000000 0000000000000000 0000000000000000 0000000000000000 0000000000000000 0000000000000000
info registers vcpu 1
RAX=ffffffff903afbd0 RBX=0000000000000001 RCX=ffffffff81c357ff RDX=0000000000000000
RSI=0000000000000008 RDI=ffffffff903afbd0 RBP=ffffc90002f2fce8 RSP=ffffc90002f2fc70
R8 =0000000000000000 R9 =0000000000000001 R10=0000000000000000 R11=0000000000000000
R12=0000000000000200 R13=1ffff920005e5fa6 R14=fffff520005e5fa5 R15=ffffc90002f2fd30
RIP=ffffffff82223fd2 RFL=00000002 [-------] CPL=0 II=0 A20=1 SMM=0 HLT=0
ES =0000 0000000000000000 ffffffff 00c00000
CS =0010 0000000000000000 ffffffff 00a09b00 DPL=0 CS64 [-RA]
SS =0018 0000000000000000 ffffffff 00c09300 DPL=0 DS   [-WA]
DS =0000 0000000000000000 ffffffff 00c00000
FS =0000 00007f64a2f30900 ffffffff 00c00000
GS =0000 ffff8881a291c000 ffffffff 00c00000
LDT=0000 0000000000000000 00000000 00000000
TR =0040 fffffe000004a000 00004087 00008b00 DPL=0 TSS64-busy
GDT=     fffffe0000048000 0000007f
IDT=     fffffe0000000000 00000fff
CR0=80050033 CR2=0000555593a3fe72 CR3=000000002988a000 CR4=00752ef0
DR0=0000000000000000 DR1=0000000000000000 DR2=0000000000000000 DR3=0000000000000000 
DR6=00000000ffff0ff0 DR7=0000000000000400
EFER=0000000000000d01
FCW=037f FSW=0000 [ST=0] FTW=00 MXCSR=00001f80
FPR0=0000000000000000 0000 FPR1=0000000000000000 0000
FPR2=0000000000000000 0000 FPR3=0000000000000000 0000
FPR4=0000000000000000 0000 FPR5=0000000000000000 0000
FPR6=0000000000000000 0000 FPR7=0000000000000000 0000
Opmask00=00000000f000fef8 Opmask01=0000000000200040 Opmask02=000000000000ffff Opmask03=00000000ffffffff
Opmask04=00000000ffffffff Opmask05=00000000ffffffff Opmask06=00000000ffffffff Opmask07=0000000000000000
ZMM00=0000000000000000 0000000000000000 0000000000000000 0000000000000000 0000000000000000 0000000000000000 0000000000000000 0000002f2e2f002f
ZMM01=0000000000000000 0000000000000000 0000000000000000 0000000000000000 0000000000000000 0000000000000000 0000000000000000 000000000000002f
ZMM02=0000000000000000 0000000000000000 0000000000000000 0000000000000000 0000000000000000 0000000000000000 ffffffffffffffff ffffffffffffff0f
ZMM03=0000000000000000 0000000000000000 0000000000000000 0000000000000000 0000000000000000 0000000000000000 50564544002f7365 63697665642f7379
ZMM04=0000000000000000 0000000000000000 0000000000000000 0000000000000000 0000000000000000 0000000000000000 0000000069223a99 0000000000000000
ZMM05=0000000000000000 0000000000000000 0000000000000000 0000000000000000 0000000000000000 0000000000000000 0000000069223a99 0000000007d7284c
ZMM06=0000000000000000 0000000000000000 0000000000000000 0000000000000000 0000000000000000 0000000000000000 0000000069223a99 0000000007d7284c
ZMM07=0000000000000000 0000000000000000 0000000000000000 0000000000000000 0000000000000000 0000000000000000 0000000000000000 0000000000000000
ZMM08=0000000000000000 0000000000000000 0000000000000000 0000000000000000 0000000000000000 0000000000000000 0000000000000000 000000000000ff00
ZMM09=0000000000000000 0000000000000000 0000000000000000 0000000000000000 0000000000000000 0000000000000000 5b050f231100226b 0707070707070707
ZMM10=0000000000000000 0000000000000000 0000000000000000 0000000000000000 0000000000000000 0000000000000000 0707505151515151 685b070724110022
ZMM11=0000000000000000 0000000000000000 0000000000000000 0000000000000000 0000000000000000 0000000000000000 0000000000000000 0000000000000000
ZMM12=0000000000000000 0000000000000000 0000000000000000 0000000000000000 0000000000000000 0000000000000000 0000000000000000 0000000000000000
ZMM13=0000000000000000 0000000000000000 0000000000000000 0000000000000000 0000000000000000 0000000000000000 0000000000000000 0000000000000000
ZMM14=0000000000000000 0000000000000000 0000000000000000 0000000000000000 0000000000000000 0000000000000000 0000000000000000 0000000000000000
ZMM15=0000000000000000 0000000000000000 0000000000000000 0000000000000000 0000000000000000 0000000000000000 0000000000000000 0000000000000000
ZMM16=0000000000000000 0000000000000000 0000000000000000 0000000000000000 0000000000000000 0000000000000000 0000000000000000 0000000000000000
ZMM17=0000000000000000 0000000000000000 0000000000000000 0000000000000000 2f2f2f2f2f2f2f2f 2f2f2f2f2f2f2f2f 2f2f2f2f2f2f2f2f 2f2f2f2f2f2f2f2f
ZMM18=0000000000000000 0000000000000000 0000000000000000 0000000000000000 0000000031696465 6d6f632f7665642f 0000000000000021 0000000000316964
ZMM19=0000000000000000 0000000000000000 0000000000000000 0000000000000000 656d6f632f696465 6d6f632f6c617574 7269762f73656369 7665642f7379732f
ZMM20=0000000000000000 0000000000000000 0000000000000000 0000000000000000 2b8b8e6e83a5c28d 0000000000524e98 6613a0feb8edfed5 000000000051f870
ZMM21=0000000000000000 0000000000000000 0000000000000000 0000000000000000 80f09f19808d26a3 0000000000390060 d3fdd5f48436fbd7 000000000038fec8
ZMM22=0000000000000000 0000000000000000 0000000000000000 0000000000000000 4303bac98667f513 000000000038fe20 f4466351aef7ab33 000000000038fd80
ZMM23=0000000000000000 0000000000000000 0000000000000000 0000000000000000 8ca0b852b1c7c8e1 000000000038fbb8 a1fcdcf819d7e1e5 000000000038fb28
ZMM24=0000000000000000 0000000000000000 0000000000000000 0000000000000000 68a8aee3740b9fad 00000000004d9928 d12871896912de2d 00000000004d9848
ZMM25=0000000000000000 0000000000000000 0000000000000000 0000000000000000 0000000000000000 0000000000000000 0000000000000000 0000000000000000
ZMM26=0000000000000000 0000000000000000 0000000000000000 0000000000000000 0000000000000000 0000000000000000 0000000000000000 0000000000000000
ZMM27=0000000000000000 0000000000000000 0000000000000000 0000000000000000 0000000000000000 0000000000000000 0000000000000000 0000000000000000
ZMM28=0000000000000000 0000000000000000 0000000000000000 0000000000000000 0000000000000000 0000000000000000 0000000000000000 0000000000000000
ZMM29=0000000000000000 0000000000000000 0000000000000000 0000000000000000 0000000000000000 0000000000000000 0000000000000000 0000000000000000
ZMM30=0000000000000000 0000000000000000 0000000000000000 0000000000000000 0000000000000000 0000000000000000 0000000000000000 0000000000000000
ZMM31=0000000000000000 0000000000000000 0000000000000000 0000000000000000 0000000000000000 0000000000000000 0000000000000000 0000000000000000
