Warning: Permanently added '[localhost]:34206' (ED25519) to the list of known hosts.
2025/11/22 06:52:34 parsed 1 programs
syzkaller login: [  189.763284][ T9773] cgroup: Unknown subsys name 'net'
[  189.902977][ T9773] cgroup: Unknown subsys name 'cpuset'
[  189.916940][ T9773] cgroup: Unknown subsys name 'rlimit'
[  189.918774][ T9773] cgroup: Unknown subsys name 'memory'
[  195.162125][ T9773] Adding 124996k swap on ./swap-file.  Priority:0 extents:1 across:124996k 
[  203.030344][ T9820] Bluetooth: hci0: unexpected cc 0x0c03 length: 249 > 1
[  203.040091][ T9820] Bluetooth: hci0: unexpected cc 0x1003 length: 249 > 9
[  203.043192][ T9820] Bluetooth: hci0: unexpected cc 0x1001 length: 249 > 9
[  203.052215][ T9820] Bluetooth: hci0: unexpected cc 0x0c23 length: 249 > 4
[  203.058834][ T9820] Bluetooth: hci0: unexpected cc 0x0c38 length: 249 > 2
[  204.600304][   T28] wlan0: Created IBSS using preconfigured BSSID 50:50:50:50:50:50
[  204.602819][   T28] wlan0: Creating new IBSS network, BSSID 50:50:50:50:50:50
[  204.722203][   T28] wlan1: Created IBSS using preconfigured BSSID 50:50:50:50:50:50
[  204.724286][   T28] wlan1: Creating new IBSS network, BSSID 50:50:50:50:50:50
[  206.570419][ T9963] chnl_net:caif_netlink_parms(): no params data found
[  206.782662][ T9963] bridge0: port 1(bridge_slave_0) entered blocking state
[  206.787083][ T9963] bridge0: port 1(bridge_slave_0) entered disabled state
[  206.788998][ T9963] bridge_slave_0: entered allmulticast mode
[  206.793108][ T9963] bridge_slave_0: entered promiscuous mode
[  206.802214][ T9963] bridge0: port 2(bridge_slave_1) entered blocking state
[  206.804740][ T9963] bridge0: port 2(bridge_slave_1) entered disabled state
[  206.808179][ T9963] bridge_slave_1: entered allmulticast mode
[  206.812250][ T9963] bridge_slave_1: entered promiscuous mode
[  206.885937][ T9963] bond0: (slave bond_slave_0): Enslaving as an active interface with an up link
[  206.893844][ T9963] bond0: (slave bond_slave_1): Enslaving as an active interface with an up link
[  206.974512][ T9963] team0: Port device team_slave_0 added
[  206.982256][ T9963] team0: Port device team_slave_1 added
[  207.061637][ T9963] batman_adv: batadv0: Adding interface: batadv_slave_0
[  207.063266][ T9963] batman_adv: batadv0: The MTU of interface batadv_slave_0 is too small (1500) to handle the transport of batman-adv packets. Packets going over this interface will be fragmented on layer2 which could impact the performance. Setting the MTU to 1532 would solve the problem.
[  207.070401][ T9963] batman_adv: batadv0: Not using interface batadv_slave_0 (retrying later): interface not active
[  207.077632][ T9963] batman_adv: batadv0: Adding interface: batadv_slave_1
[  207.079281][ T9963] batman_adv: batadv0: The MTU of interface batadv_slave_1 is too small (1500) to handle the transport of batman-adv packets. Packets going over this interface will be fragmented on layer2 which could impact the performance. Setting the MTU to 1532 would solve the problem.
[  207.084881][ T9963] batman_adv: batadv0: Not using interface batadv_slave_1 (retrying later): interface not active
[  207.190516][ T9963] hsr_slave_0: entered promiscuous mode
[  207.193773][ T9963] hsr_slave_1: entered promiscuous mode
[  207.635554][ T9963] netdevsim netdevsim0 netdevsim0: renamed from eth0
[  207.657599][ T9963] netdevsim netdevsim0 netdevsim1: renamed from eth1
[  207.674837][ T9963] netdevsim netdevsim0 netdevsim2: renamed from eth2
[  207.688937][ T9963] netdevsim netdevsim0 netdevsim3: renamed from eth3
[  207.896303][ T9963] 8021q: adding VLAN 0 to HW filter on device bond0
[  207.929096][ T9963] 8021q: adding VLAN 0 to HW filter on device team0
[  207.945164][   T54] bridge0: port 1(bridge_slave_0) entered blocking state
[  207.947286][   T54] bridge0: port 1(bridge_slave_0) entered forwarding state
[  207.965608][   T54] bridge0: port 2(bridge_slave_1) entered blocking state
[  207.967432][   T54] bridge0: port 2(bridge_slave_1) entered forwarding state
[  208.371952][ T9963] 8021q: adding VLAN 0 to HW filter on device batadv0
[  208.459966][ T9963] veth0_vlan: entered promiscuous mode
[  208.476952][ T9963] veth1_vlan: entered promiscuous mode
[  208.531426][ T9963] veth0_macvtap: entered promiscuous mode
[  208.543039][ T9963] veth1_macvtap: entered promiscuous mode
[  208.570314][ T9963] batman_adv: batadv0: Interface activated: batadv_slave_0
[  208.589131][ T9963] batman_adv: batadv0: Interface activated: batadv_slave_1
[  208.624967][ T9623] netdevsim netdevsim0 netdevsim0: set [1, 0] type 2 family 0 port 6081 - 0
[  208.632304][ T9623] netdevsim netdevsim0 netdevsim1: set [1, 0] type 2 family 0 port 6081 - 0
[  208.638134][ T9623] netdevsim netdevsim0 netdevsim2: set [1, 0] type 2 family 0 port 6081 - 0
[  208.648582][ T9623] netdevsim netdevsim0 netdevsim3: set [1, 0] type 2 family 0 port 6081 - 0
[  208.937285][ T9927] netdevsim netdevsim0 netdevsim3 (unregistering): unset [1, 0] type 2 family 0 port 6081 - 0
[  209.045272][ T9927] netdevsim netdevsim0 netdevsim2 (unregistering): unset [1, 0] type 2 family 0 port 6081 - 0
[  209.138502][ T9927] netdevsim netdevsim0 netdevsim1 (unregistering): unset [1, 0] type 2 family 0 port 6081 - 0
[  209.969471][ T9927] netdevsim netdevsim0 netdevsim0 (unregistering): unset [1, 0] type 2 family 0 port 6081 - 0
[  211.533680][ T9927] bridge_slave_1: left allmulticast mode
[  211.535363][ T9927] bridge_slave_1: left promiscuous mode
[  211.539372][ T9927] bridge0: port 2(bridge_slave_1) entered disabled state
[  211.578327][ T9927] bridge_slave_0: left allmulticast mode
[  211.579697][ T9927] bridge_slave_0: left promiscuous mode
[  211.581328][ T9927] bridge0: port 1(bridge_slave_0) entered disabled state
[  212.174007][ T9927] bond0 (unregistering): (slave bond_slave_0): Releasing backup interface
[  212.181715][ T9927] bond0 (unregistering): (slave bond_slave_1): Releasing backup interface
[  212.186952][ T9927] bond0 (unregistering): Released all slaves
[  212.413249][ T9927] hsr_slave_0: left promiscuous mode
[  212.415940][ T9927] hsr_slave_1: left promiscuous mode
[  212.421111][ T9927] batman_adv: batadv0: Interface deactivated: batadv_slave_0
[  212.422809][ T9927] batman_adv: batadv0: Removing interface: batadv_slave_0
[  212.438651][ T9927] batman_adv: batadv0: Interface deactivated: batadv_slave_1
[  212.440350][ T9927] batman_adv: batadv0: Removing interface: batadv_slave_1
[  212.496973][ T9927] veth1_macvtap: left promiscuous mode
[  212.498573][ T9927] veth0_macvtap: left promiscuous mode
[  212.500080][ T9927] veth1_vlan: left promiscuous mode
[  212.501491][ T9927] veth0_vlan: left promiscuous mode
[  213.364061][ T9927] team0 (unregistering): Port device team_slave_1 removed
[  213.420095][ T9927] team0 (unregistering): Port device team_slave_0 removed
2025/11/22 06:53:10 executed programs: 0
[  218.257292][ T9820] Bluetooth: hci0: unexpected cc 0x0c03 length: 249 > 1
[  218.261239][ T9820] Bluetooth: hci0: unexpected cc 0x1003 length: 249 > 9
[  218.269237][ T9820] Bluetooth: hci0: unexpected cc 0x1001 length: 249 > 9
[  218.288121][ T9820] Bluetooth: hci0: unexpected cc 0x0c23 length: 249 > 4
[  218.292863][ T9820] Bluetooth: hci0: unexpected cc 0x0c38 length: 249 > 2
[  218.869397][T10617] chnl_net:caif_netlink_parms(): no params data found
[  219.117388][T10617] bridge0: port 1(bridge_slave_0) entered blocking state
[  219.120139][T10617] bridge0: port 1(bridge_slave_0) entered disabled state
[  219.122369][T10617] bridge_slave_0: entered allmulticast mode
[  219.128663][T10617] bridge_slave_0: entered promiscuous mode
[  219.134560][T10617] bridge0: port 2(bridge_slave_1) entered blocking state
[  219.139629][T10617] bridge0: port 2(bridge_slave_1) entered disabled state
[  219.141502][T10617] bridge_slave_1: entered allmulticast mode
[  219.145556][T10617] bridge_slave_1: entered promiscuous mode
[  219.222288][T10617] bond0: (slave bond_slave_0): Enslaving as an active interface with an up link
[  219.230005][T10617] bond0: (slave bond_slave_1): Enslaving as an active interface with an up link
[  219.312153][T10617] team0: Port device team_slave_0 added
[  219.320975][T10617] team0: Port device team_slave_1 added
[  219.405781][T10617] batman_adv: batadv0: Adding interface: batadv_slave_0
[  219.408207][T10617] batman_adv: batadv0: The MTU of interface batadv_slave_0 is too small (1500) to handle the transport of batman-adv packets. Packets going over this interface will be fragmented on layer2 which could impact the performance. Setting the MTU to 1532 would solve the problem.
[  219.413873][T10617] batman_adv: batadv0: Not using interface batadv_slave_0 (retrying later): interface not active
[  219.420365][T10617] batman_adv: batadv0: Adding interface: batadv_slave_1
[  219.421990][T10617] batman_adv: batadv0: The MTU of interface batadv_slave_1 is too small (1500) to handle the transport of batman-adv packets. Packets going over this interface will be fragmented on layer2 which could impact the performance. Setting the MTU to 1532 would solve the problem.
[  219.430983][T10617] batman_adv: batadv0: Not using interface batadv_slave_1 (retrying later): interface not active
[  219.569581][T10617] hsr_slave_0: entered promiscuous mode
[  219.572590][T10617] hsr_slave_1: entered promiscuous mode
[  220.351888][T10617] netdevsim netdevsim0 netdevsim0: renamed from eth0
[  220.358067][ T9820] Bluetooth: hci0: command tx timeout
[  220.365455][T10617] netdevsim netdevsim0 netdevsim1: renamed from eth1
[  220.376943][T10617] netdevsim netdevsim0 netdevsim2: renamed from eth2
[  220.384817][T10617] netdevsim netdevsim0 netdevsim3: renamed from eth3
[  220.543741][T10617] 8021q: adding VLAN 0 to HW filter on device bond0
[  220.571504][T10617] 8021q: adding VLAN 0 to HW filter on device team0
[  220.585449][  T487] bridge0: port 1(bridge_slave_0) entered blocking state
[  220.587326][  T487] bridge0: port 1(bridge_slave_0) entered forwarding state
[  220.604076][  T487] bridge0: port 2(bridge_slave_1) entered blocking state
[  220.605905][  T487] bridge0: port 2(bridge_slave_1) entered forwarding state
[  220.984631][T10617] 8021q: adding VLAN 0 to HW filter on device batadv0
[  221.093801][T10617] veth0_vlan: entered promiscuous mode
[  221.111892][T10617] veth1_vlan: entered promiscuous mode
[  221.174789][T10617] veth0_macvtap: entered promiscuous mode
[  221.190343][T10617] veth1_macvtap: entered promiscuous mode
[  221.224629][T10617] batman_adv: batadv0: Interface activated: batadv_slave_0
[  221.251519][T10617] batman_adv: batadv0: Interface activated: batadv_slave_1
[  221.274968][ T9927] netdevsim netdevsim0 netdevsim0: set [1, 0] type 2 family 0 port 6081 - 0
[  221.279104][ T9623] netdevsim netdevsim0 netdevsim1: set [1, 0] type 2 family 0 port 6081 - 0
[  221.282175][ T9623] netdevsim netdevsim0 netdevsim2: set [1, 0] type 2 family 0 port 6081 - 0
[  221.285369][ T9623] netdevsim netdevsim0 netdevsim3: set [1, 0] type 2 family 0 port 6081 - 0
[  221.479994][ T4545] wlan0: Created IBSS using preconfigured BSSID 50:50:50:50:50:50
[  221.481793][ T4545] wlan0: Creating new IBSS network, BSSID 50:50:50:50:50:50
[  221.574234][  T487] wlan1: Created IBSS using preconfigured BSSID 50:50:50:50:50:50
[  221.576055][  T487] wlan1: Creating new IBSS network, BSSID 50:50:50:50:50:50
[  221.678168][T10984] comedi comedi2: 8255: I/O port conflict (0x10,4)
[  221.682422][T10984] comedi comedi2: 8255: I/O port conflict (0x6,4)
[  221.684087][T10984] comedi comedi2: 8255: I/O port conflict (0xffffffffffffffff,4)
[  221.685842][T10984] comedi comedi2: 8255: I/O port conflict (0xc000000,4)
[  221.688783][T10984] comedi comedi2: 8255: I/O port conflict (0x8,4)
[  221.690284][T10984] comedi comedi2: 8255: I/O port conflict (0x2,4)
[  221.691822][T10984] comedi comedi2: 8255: I/O port conflict (0x6,4)
[  221.693287][T10984] comedi comedi2: 8255: I/O port conflict (0xffffffff80000000,4)
[  221.695120][T10984] comedi comedi2: 8255: I/O port conflict (0x5,4)
[  221.698633][T10984] comedi comedi2: 8255: I/O port conflict (0x9,4)
[  221.700257][T10984] comedi comedi2: 8255: I/O port conflict (0x7fff,4)
[  221.701881][T10984] comedi comedi2: 8255: I/O port conflict (0xe,4)
[  221.703381][T10984] comedi comedi2: 8255: I/O port conflict (0xffff,4)
[  221.704931][T10984] comedi comedi2: 8255: I/O port conflict (0x7f,4)
[  221.709756][T10984] comedi comedi2: 8255: I/O port conflict (0x6,4)
[  221.711376][T10984] comedi comedi2: 8255: I/O port conflict (0xf,4)
[  221.712881][T10984] comedi comedi2: 8255: I/O port conflict (0x5,4)
[  221.714375][T10984] comedi comedi2: 8255: I/O port conflict (0x1,4)
[  221.719721][T10984] comedi comedi2: 8255: I/O port conflict (0x1,4)
[  221.721747][T10984] comedi comedi2: 8255: I/O port conflict (0x9,4)
[  221.723272][T10984] comedi comedi2: 8255: I/O port conflict (0x5,4)
[  221.724794][T10984] comedi comedi2: 8255: I/O port conflict (0x7,4)
[  221.727798][T10984] BUG: unable to handle page fault for address: ffffffff88b18e2d
[  221.729517][T10984] #PF: supervisor write access in kernel mode
[  221.730912][T10984] #PF: error_code(0x0003) - permissions violation
[  221.732316][T10984] PGD dd87067 P4D dd87067 PUD dd88063 PMD 8a001a1 
[  221.733838][T10984] Oops: Oops: 0003 [#1] SMP KASAN NOPTI
[  221.735122][T10984] CPU: 1 UID: 0 PID: 10984 Comm: syz.0.17 Not tainted 6.18.0-rc6 #1 PREEMPT(full) 
[  221.739319][T10984] Hardware name: QEMU Standard PC (i440FX + PIIX, 1996), BIOS 1.15.0-1 04/01/2014
[  221.743350][T10984] RIP: 0010:subdev_8255_io+0x80/0x90
[  221.744860][T10984] Code: 21 e8 64 bc 09 f9 89 da ec 44 0f b6 e0 e8 58 bc 09 f9 44 89 e0 5b 5d 41 5c 41 5d 41 5e e9 48 0b 7b 02 e8 43 bc 09 f9 44 89 e8 <89> 66 90 45 31 e4 eb db e8 23 b9 70 f9 eb af 90 90 90 90 90 90 90
[  221.749535][T10984] RSP: 0018:ffffc9000277f978 EFLAGS: 00010293
[  221.751042][T10984] RAX: 000000000000009b RBX: 0000000000000103 RCX: ffffffff88b18e73
[  221.752868][T10984] RDX: ffff88802393a540 RSI: ffffffff88b18e9d RDI: 0000000000000005
[  221.754639][T10984] RBP: 0000000000000001 R08: 0000000000000100 R09: ffff888134dcd3d0
[  221.756382][T10984] R10: 0000000000000001 R11: 0000000000000002 R12: ffff888105999800
[  221.758133][T10984] R13: 000000000000009b R14: 0000000000000003 R15: 0000000000000100
[  221.759878][T10984] FS:  000055555a993500(0000) GS:ffff8881a291c000(0000) knlGS:0000000000000000
[  221.761841][T10984] CS:  0010 DS: 0000 ES: 0000 CR0: 0000000080050033
[  221.763314][T10984] CR2: ffffffff88b18e2d CR3: 000000002b0a6000 CR4: 0000000000752ef0
[  221.765087][T10984] PKRU: 00000000
[  221.765892][T10984] Call Trace:
[  221.766651][T10984]  <TASK>
[  221.767343][T10984]  subdev_8255_io_init+0x239/0x2d0
[  221.768634][T10984]  dev_8255_attach+0x25a/0x3b0
[  221.769806][T10984]  comedi_device_attach+0x3ae/0x900
[  221.770991][T10984]  do_devconfig_ioctl+0x19e/0x6d0
[  221.772132][T10984]  ? comedi_unlocked_ioctl+0x165/0x2e50
[  221.773386][T10984]  ? __pfx_do_devconfig_ioctl+0x10/0x10
[  221.774995][T10984]  comedi_unlocked_ioctl+0x15fc/0x2e50
[  221.776230][T10984]  ? tomoyo_path_number_perm+0x169/0x550
[  221.777687][T10984]  ? __pfx_futex_hash_put+0x4/0x10
[  221.778858][T10984]  ? __pfx_tomoyo_path_number_perm+0x10/0x10
[  221.780181][T10984]  ? __pfx_comedi_unlocked_ioctl+0x10/0x10
[  221.781495][T10984]  ? __sanitizer_cov_trace_switch+0x54/0x90
[  221.782838][T10984]  ? do_vfs_ioctl+0x125/0x1460
[  221.783944][T10984]  ? __pfx_do_vfs_ioctl+0x10/0x10
[  221.785087][T10984]  ? handle_mm_fault+0x65d/0xaf0
[  221.786219][T10984]  ? hook_file_ioctl_common+0x146/0x3f0
[  221.787441][T10984]  ? __x64_sys_futex+0x1c5/0x4c0
[  221.788572][T10984]  ? __x64_sys_futex+0x1ce/0x4c0
[  221.789735][T10984]  ? __pfx___x64_sys_futex+0x10/0x10
[  221.790932][T10984]  ? __pfx_comedi_unlocked_ioctl+0x10/0x10
[  221.792230][T10984]  __x64_sys_ioctl+0x18f/0x210
[  221.793320][T10984]  do_syscall_64+0x72/0xfa0
[  221.794348][T10984]  entry_SYSCALL_64_after_hwframe+0x76/0x7e
[  221.795695][T10984] RIP: 0033:0x7f5fc99ae16d
[  221.796727][T10984] Code: 02 b8 ff ff ff ff c3 66 0f 1f 44 00 00 f3 0f 1e fa 48 89 f8 48 89 f7 48 89 d6 48 89 ca 4d 89 c2 4d 89 c8 4c 8b 4c 24 08 0f 05 <48> 3d 01 f0 ff ff 73 01 c3 48 c7 c1 a8 ff ff ff f7 d8 64 89 01 48
[  221.800907][T10984] RSP: 002b:00007ffe4f95f578 EFLAGS: 00000246 ORIG_RAX: 0000000000000010
[  221.802758][T10984] RAX: ffffffffffffffda RBX: 00007f5fc9bf5fa0 RCX: 00007f5fc99ae16d
[  221.804546][T10984] RDX: 0000200000000040 RSI: 0000000040946400 RDI: 0000000000000003
[  221.806363][T10984] RBP: 00007f5fc9a480f0 R08: 0000000000000000 R09: 0000000000000000
[  221.808173][T10984] R10: 0000000000000000 R11: 0000000000000246 R12: 0000000000000000
[  221.810100][T10984] R13: 00007f5fc9bf5fac R14: 00007f5fc9bf5fa0 R15: 0000000000000000
[  221.811899][T10984]  </TASK>
[  221.812579][T10984] Modules linked in:
[  221.813494][T10984] CR2: ffffffff88b18e2d
[  221.814463][T10984] ---[ end trace 0000000000000000 ]---
[  221.815717][T10984] RIP: 0010:subdev_8255_io+0x80/0x90
[  221.816943][T10984] Code: 21 e8 64 bc 09 f9 89 da ec 44 0f b6 e0 e8 58 bc 09 f9 44 89 e0 5b 5d 41 5c 41 5d 41 5e e9 48 0b 7b 02 e8 43 bc 09 f9 44 89 e8 <89> 66 90 45 31 e4 eb db e8 23 b9 70 f9 eb af 90 90 90 90 90 90 90
[  221.821122][T10984] RSP: 0018:ffffc9000277f978 EFLAGS: 00010293
[  221.822459][T10984] RAX: 000000000000009b RBX: 0000000000000103 RCX: ffffffff88b18e73
[  221.824224][T10984] RDX: ffff88802393a540 RSI: ffffffff88b18e9d RDI: 0000000000000005
[  221.825948][T10984] RBP: 0000000000000001 R08: 0000000000000100 R09: ffff888134dcd3d0
[  221.827658][T10984] R10: 0000000000000001 R11: 0000000000000002 R12: ffff888105999800
[  221.829362][T10984] R13: 000000000000009b R14: 0000000000000003 R15: 0000000000000100
[  221.831077][T10984] FS:  000055555a993500(0000) GS:ffff8881a291c000(0000) knlGS:0000000000000000
[  221.833024][T10984] CS:  0010 DS: 0000 ES: 0000 CR0: 0000000080050033
[  221.834446][T10984] CR2: ffffffff88b18e2d CR3: 000000002b0a6000 CR4: 0000000000752ef0
[  221.836192][T10984] PKRU: 00000000
[  221.836994][T10984] Kernel panic - not syncing: Fatal exception
[  221.839030][T10984] Kernel Offset: disabled
[  221.840011][T10984] Rebooting in 86400 seconds..

VM DIAGNOSIS:
14:53:13  Registers:
info registers vcpu 0
RAX=0000000000000033 RBX=0000000000000000 RCX=ffff8880229a4000 RDX=0000000000000000
RSI=0000000000000040 RDI=ffffea00008a6900 RBP=ffffffff8216ffc0 RSP=ffffc90000007d90
R8 =0000000000000040 R9 =0000000000000000 R10=0000000000000000 R11=00000000000a2d79
R12=ffff8880229a4cc0 R13=ffff88801ac41780 R14=ffff88801ac41780 R15=ffff8880229a4cc0
RIP=ffffffff8222113b RFL=00000206 [-----P-] CPL=0 II=0 A20=1 SMM=0 HLT=0
ES =0000 0000000000000000 ffffffff 00c00100
CS =0010 0000000000000000 ffffffff 00a09b00 DPL=0 CS64 [-RA]
SS =0018 0000000000000000 ffffffff 00c09300 DPL=0 DS   [-WA]
DS =0000 0000000000000000 ffffffff 00c00100
FS =0000 0000000000000000 ffffffff 00c00100
GS =0000 ffff8880cf31c000 ffffffff 00c00100
LDT=0000 0000000000000000 ffffffff 00c00000
TR =0040 fffffe0000003000 00004087 00008b00 DPL=0 TSS64-busy
GDT=     fffffe0000001000 0000007f
IDT=     fffffe0000000000 00000fff
CR0=80050033 CR2=00007fa0e3e147f0 CR3=000000010ce05000 CR4=00752ef0
DR0=0000000000000000 DR1=0000000000000000 DR2=0000000000000000 DR3=0000000000000000 
DR6=00000000ffff0ff0 DR7=0000000000000400
EFER=0000000000000d01
FCW=037f FSW=0000 [ST=0] FTW=00 MXCSR=00001f80
FPR0=0000000000000000 0000 FPR1=0000000000000000 0000
FPR2=0000000000000000 0000 FPR3=0000000000000000 0000
FPR4=0000000000000000 0000 FPR5=0000000000000000 0000
FPR6=0000000000000000 0000 FPR7=0000000000000000 0000
Opmask00=0000000080040001 Opmask01=0000000000000fff Opmask02=00000000ffffffef Opmask03=0000000000000000
Opmask04=0000000000000000 Opmask05=0000000000000000 Opmask06=0000000000000000 Opmask07=0000000000000000
ZMM00=0000000000000000 0000000000000000 0000000000000000 0000000000000000 0000000000000000 0000000000000000 0000000000989680 0000000000000000
ZMM01=0000000000000000 0000000000000000 0000000000000000 0000000000000000 0000000000000000 0000000000000000 0000000000000000 0000000000989680
ZMM02=0000000000000000 0000000000000000 0000000000000000 0000000000000000 0000000000000000 0000000000000000 00007f5fca72d660 00007f5fca72d660
ZMM03=0000000000000000 0000000000000000 0000000000000000 0000000000000000 0000000000000000 0000000000000000 00007ffe4f95f910 00007ffe4f95f910
ZMM04=0000000000000000 0000000000000000 0000000000000000 0000000000000000 0000000000000000 0000000000000000 0000000000000000 00007ffe4f95f94f
ZMM05=0000000000000000 0000000000000000 0000000000000000 0000000000000000 0000000000000000 0000000000000000 000055555a993500 0000000000000000
ZMM06=0000000000000000 0000000000000000 0000000000000000 0000000000000000 0000000000000000 0000000000000000 0000000000000000 00007f5fca72d660
ZMM07=0000000000000000 0000000000000000 0000000000000000 0000000000000000 0000000000000000 0000000000000000 00007f5fc99a4878 0000000000000000
ZMM08=0000000000000000 0000000000000000 0000000000000000 0000000000000000 0000000000000000 0000000000000000 0000000000000000 0000000000000000
ZMM09=0000000000000000 0000000000000000 0000000000000000 0000000000000000 0000000000000000 0000000000000000 0000000000000000 0000000000000000
ZMM10=0000000000000000 0000000000000000 0000000000000000 0000000000000000 0000000000000000 0000000000000000 0000000000000000 0000000000000000
ZMM11=0000000000000000 0000000000000000 0000000000000000 0000000000000000 0000000000000000 0000000000000000 0000000000000000 0000000000000000
ZMM12=0000000000000000 0000000000000000 0000000000000000 0000000000000000 0000000000000000 0000000000000000 0000000000000000 0000000000000000
ZMM13=0000000000000000 0000000000000000 0000000000000000 0000000000000000 0000000000000000 0000000000000000 0000000000000000 0000000000000000
ZMM14=0000000000000000 0000000000000000 0000000000000000 0000000000000000 0000000000000000 0000000000000000 0000000000000000 0000000000000000
ZMM15=0000000000000000 0000000000000000 0000000000000000 0000000000000000 0000000000000000 0000000000000000 0000000000000000 0000000000000000
ZMM16=0000000000000000 0000000000000000 0000000000000000 0000000000000000 0000000000000000 0000000000000000 0000000000000000 0000000000000000
ZMM17=0000000000000000 0000000000000000 0000000000000000 0000000000000000 2525252525252525 2525252525252525 2525252525252525 2525252525252525
ZMM18=0000000000000000 0000000000000000 0000000000000000 0000000000000000 0063696e61703d73 726f727265006f72 2d746e756f6d6572 3d73726f72726500
ZMM19=0000000000000000 0000000000000000 0000000000000000 0000000000000000 00464c4b44551856 574a575740004a57 08514b504a484057 1856574a57574000
ZMM20=0000000000000000 0000000000000000 0000000000000000 0000000000000000 0000000000000000 0000000000000000 0000000000000000 0000000000000000
ZMM21=0000000000000000 0000000000000000 0000000000000000 0000000000000000 0000000000000000 0000000000000000 0000000000000000 0000000000000000
ZMM22=0000000000000000 0000000000000000 0000000000000000 0000000000000000 0000000000000000 0000000000000000 0000000000000000 0000000000000000
ZMM23=0000000000000000 0000000000000000 0000000000000000 0000000000000000 0000000000000000 0000000000000000 0000000000000000 0000000000000000
ZMM24=0000000000000000 0000000000000000 0000000000000000 0000000000000000 0000000000000000 0000000000000000 0000000000000000 0000000000000000
ZMM25=0000000000000000 0000000000000000 0000000000000000 0000000000000000 0000000000000000 0000000000000000 0000000000000000 0000000000000000
ZMM26=0000000000000000 0000000000000000 0000000000000000 0000000000000000 0000000000000000 0000000000000000 0000000000000000 0000000000000000
ZMM27=0000000000000000 0000000000000000 0000000000000000 0000000000000000 0000000000000000 0000000000000000 0000000000000000 0000000000000000
ZMM28=0000000000000000 0000000000000000 0000000000000000 0000000000000000 0000000000000000 0000000000000000 0000000000000000 0000000000000000
ZMM29=0000000000000000 0000000000000000 0000000000000000 0000000000000000 0000000000000000 0000000000000000 0000000000000000 0000000000000000
ZMM30=0000000000000000 0000000000000000 0000000000000000 0000000000000000 0000000000000000 0000000000000000 0000000000000000 0000000000000000
ZMM31=0000000000000000 0000000000000000 0000000000000000 0000000000000000 0000000000000000 0000000000000000 0000000000000000 0000000000000000
info registers vcpu 1
RAX=0000000000000043 RBX=00000000000003f8 RCX=0000000000000000 RDX=00000000000003f8
RSI=ffffffff851bd105 RDI=ffffffff9a8b54c0 RBP=ffffffff9a8b5480 RSP=ffffc9000277f190
R8 =0000000000000000 R9 =ffffed1020b60046 R10=0000000000000000 R11=205d343839303154
R12=0000000000000000 R13=0000000000000043 R14=ffffffff9a8b5480 R15=ffffffff851bd0a0
RIP=ffffffff851bd12f RFL=00000002 [-------] CPL=0 II=0 A20=1 SMM=0 HLT=0
ES =0000 0000000000000000 ffffffff 00c00100
CS =0010 0000000000000000 ffffffff 00a09b00 DPL=0 CS64 [-RA]
SS =0018 0000000000000000 ffffffff 00c09300 DPL=0 DS   [-WA]
DS =0000 0000000000000000 ffffffff 00c00100
FS =0000 000055555a993500 ffffffff 00c00100
GS =0000 ffff8881a291c000 ffffffff 00c00100
LDT=0000 0000000000000000 00000000 00000000
TR =0040 fffffe000004a000 00004087 00008b00 DPL=0 TSS64-busy
GDT=     fffffe0000048000 0000007f
IDT=     fffffe0000000000 00000fff
CR0=80050033 CR2=ffffffff88b18e2d CR3=000000002b0a6000 CR4=00752ef0
DR0=0000000000000000 DR1=0000000000000000 DR2=0000000000000000 DR3=0000000000000000 
DR6=00000000ffff0ff0 DR7=0000000000000400
EFER=0000000000000d01
FCW=037f FSW=0000 [ST=0] FTW=00 MXCSR=00001f80
FPR0=0000000000000000 0000 FPR1=0000000000000000 0000
FPR2=0000000000000000 0000 FPR3=0000000000000000 0000
FPR4=0000000000000000 0000 FPR5=0000000000000000 0000
FPR6=0000000000000000 0000 FPR7=0000000000000000 0000
Opmask00=00000000ffffff00 Opmask01=0000000000000111 Opmask02=000000000000ffff Opmask03=0000000000000000
Opmask04=0000000000000000 Opmask05=0000000000000000 Opmask06=0000000000000000 Opmask07=0000000000000000
ZMM00=0000000000000000 0000000000000000 0000000000000000 0000000000000000 0000000000000000 0000000000000000 00ffffffffffffff ffffffffff000000
ZMM01=0000000000000000 0000000000000000 0000000000000000 0000000000000000 0000000000000000 0000000000000000 74656e2f6e75722f 7261762f0074656e
ZMM02=0000000000000000 0000000000000000 0000000000000000 0000000000000000 0000000000000000 0000000000000000 ffffffffffffff0f 0e0d0c0b0a090807
ZMM03=0000000000000000 0000000000000000 0000000000000000 0000000000000000 0000000000000000 0000000000000000 0000000000000000 0000000000000000
ZMM04=0000000000000000 0000000000000000 0000000000000000 0000000000000000 0000000000000000 0000000000000000 0000000000000000 0000000000000000
ZMM05=0000000000000000 0000000000000000 0000000000000000 0000000000000000 0000000000000000 0000000000000000 0000000000000000 0000000000000000
ZMM06=0000000000000000 0000000000000000 0000000000000000 0000000000000000 0000000000000000 0000000000000000 0000000000000000 0000000000000000
ZMM07=0000000000000000 0000000000000000 0000000000000000 0000000000000000 0000000000000000 0000000000000000 0000000000000000 0000000000000000
ZMM08=0000000000000000 0000000000000000 0000000000000000 0000000000000000 0000000000000000 0000000000000000 0000000000000020 0000000000002000
ZMM09=0000000000000000 0000000000000000 0000000000000000 0000000000000000 0000000000000000 0000000000000000 0000ffffffffffff ffffffffffffff00
ZMM10=0000000000000000 0000000000000000 0000000000000000 0000000000000000 0000000000000000 0000000000000000 0000000000000000 0000000000000000
ZMM11=0000000000000000 0000000000000000 0000000000000000 0000000000000000 0000000000000000 0000000000000000 0000000000000000 0000000000000000
ZMM12=0000000000000000 0000000000000000 0000000000000000 0000000000000000 0000000000000000 0000000000000000 0000000000000000 0000000000000000
ZMM13=0000000000000000 0000000000000000 0000000000000000 0000000000000000 0000000000000000 0000000000000000 0000000000000000 0000000000000000
ZMM14=0000000000000000 0000000000000000 0000000000000000 0000000000000000 0000000000000000 0000000000000000 0000000000000000 0000000000000000
ZMM15=0000000000000000 0000000000000000 0000000000000000 0000000000000000 0000000000000000 0000000000000000 0000000000000000 0000000000000000
ZMM16=0000000000000000 0000000000000000 0000000000000000 0000000000000000 6c656e72656b2072 656c6c616b7a7973 2033313a33353a36 3020323220766f4e
ZMM17=0000000000000000 0000000000000000 0000000000000000 0000000000000000 206964656d6f6320 5d3438393031545b 5d3439373432372e 31323220205b203a
ZMM18=0000000000000000 0000000000000000 0000000000000000 0000000000000000 0a29342c37783028 207463696c666e6f 632074726f70204f 2f49203a35353238
ZMM19=0000000000000000 0000000000000000 0000000000000000 0000000000000000 203a326964656d6f 63206964656d6f63 205d343839303154 5b5d343937343237
ZMM20=0000000000000000 0000000000000000 0000000000000000 0000000000000000 0a30202d20313830 362074726f702030 20796c696d616620 322065707974205d
ZMM21=0000000000000000 0000000000000000 0000000000000000 0000000000000000 30202c315b207465 73203a336d697376 656474656e20306d 697376656474656e
ZMM22=0000000000000000 0000000000000000 0000000000000000 0000000000000000 206d697376656474 656e205d33323639 54205b5d39363335 38322e3132322020
ZMM23=0000000000000000 0000000000000000 0000000000000000 0000000000000000 5b203a6c656e7265 6b2072656c6c616b 7a79732033313a33 353a363020323220
ZMM24=0000000000000000 0000000000000000 0000000000000000 0000000000000000 6465746e656d6761 7266206562206c6c 6977206563616672 65746e6920736968
ZMM25=0000000000000000 0000000000000000 0000000000000000 0000000000000000 0000000000000000 0000000000000000 0000000000000000 0000000000000000
ZMM26=0000000000000000 0000000000000000 0000000000000000 0000000000000000 0000000000000000 0000000000000000 0000000000000000 0000000000000000
ZMM27=0000000000000000 0000000000000000 0000000000000000 0000000000000000 0000000000000000 0000000000000000 0000000000000000 0000000000000000
ZMM28=0000000000000000 0000000000000000 0000000000000000 0000000000000000 0000000000000000 0000000000000000 0000000000000000 0000000000000000
ZMM29=0000000000000000 0000000000000000 0000000000000000 0000000000000000 0000000000000000 0000000000000000 0000000000000000 0000000000000000
ZMM30=0000000000000000 0000000000000000 0000000000000000 0000000000000000 0000000000000000 0000000000000000 0000000000000000 0000000000000000
ZMM31=0000000000000000 0000000000000000 0000000000000000 0000000000000000 0000000000000000 0000000000000000 0000000000000000 0000000000000000
