Warning: Permanently added '[localhost]:16373' (ED25519) to the list of known hosts.
2025/11/23 13:22:33 parsed 1 programs
syzkaller login: [  195.236279][ T9772] cgroup: Unknown subsys name 'net'
[  195.407580][ T9772] cgroup: Unknown subsys name 'cpuset'
[  195.422983][ T9772] cgroup: Unknown subsys name 'rlimit'
[  195.424811][ T9772] cgroup: Unknown subsys name 'memory'
[  199.681823][ T9772] Adding 124996k swap on ./swap-file.  Priority:0 extents:1 across:124996k 
[  212.927909][T10071] chnl_net:caif_netlink_parms(): no params data found
[  213.145607][T10071] bridge0: port 1(bridge_slave_0) entered blocking state
[  213.148443][T10071] bridge0: port 1(bridge_slave_0) entered disabled state
[  213.151317][T10071] bridge_slave_0: entered allmulticast mode
[  213.156191][T10071] bridge_slave_0: entered promiscuous mode
[  213.164369][T10071] bridge0: port 2(bridge_slave_1) entered blocking state
[  213.166218][T10071] bridge0: port 2(bridge_slave_1) entered disabled state
[  213.168018][T10071] bridge_slave_1: entered allmulticast mode
[  213.172204][T10071] bridge_slave_1: entered promiscuous mode
[  213.255066][T10071] bond0: (slave bond_slave_0): Enslaving as an active interface with an up link
[  213.262877][T10071] bond0: (slave bond_slave_1): Enslaving as an active interface with an up link
[  213.337138][T10071] team0: Port device team_slave_0 added
[  213.343787][T10071] team0: Port device team_slave_1 added
[  213.420832][T10071] batman_adv: batadv0: Adding interface: batadv_slave_0
[  213.422588][T10071] batman_adv: batadv0: The MTU of interface batadv_slave_0 is too small (1500) to handle the transport of batman-adv packets. Packets going over this interface will be fragmented on layer2 which could impact the performance. Setting the MTU to 1532 would solve the problem.
[  213.428238][T10071] batman_adv: batadv0: Not using interface batadv_slave_0 (retrying later): interface not active
[  213.435237][T10071] batman_adv: batadv0: Adding interface: batadv_slave_1
[  213.436763][T10071] batman_adv: batadv0: The MTU of interface batadv_slave_1 is too small (1500) to handle the transport of batman-adv packets. Packets going over this interface will be fragmented on layer2 which could impact the performance. Setting the MTU to 1532 would solve the problem.
[  213.442225][T10071] batman_adv: batadv0: Not using interface batadv_slave_1 (retrying later): interface not active
[  213.539553][T10071] hsr_slave_0: entered promiscuous mode
[  213.542991][T10071] hsr_slave_1: entered promiscuous mode
[  214.013762][T10071] netdevsim netdevsim0 netdevsim0: renamed from eth0
[  214.031859][T10071] netdevsim netdevsim0 netdevsim1: renamed from eth1
[  214.047538][T10071] netdevsim netdevsim0 netdevsim2: renamed from eth2
[  214.066704][T10071] netdevsim netdevsim0 netdevsim3: renamed from eth3
[  214.263965][T10071] 8021q: adding VLAN 0 to HW filter on device bond0
[  214.315393][T10071] 8021q: adding VLAN 0 to HW filter on device team0
[  214.330640][   T82] bridge0: port 1(bridge_slave_0) entered blocking state
[  214.332843][   T82] bridge0: port 1(bridge_slave_0) entered forwarding state
[  214.352680][   T82] bridge0: port 2(bridge_slave_1) entered blocking state
[  214.354549][   T82] bridge0: port 2(bridge_slave_1) entered forwarding state
[  214.747310][T10071] 8021q: adding VLAN 0 to HW filter on device batadv0
[  214.831200][T10071] veth0_vlan: entered promiscuous mode
[  214.847873][T10071] veth1_vlan: entered promiscuous mode
[  214.925322][T10071] veth0_macvtap: entered promiscuous mode
[  214.940090][T10071] veth1_macvtap: entered promiscuous mode
[  214.989529][T10071] batman_adv: batadv0: Interface activated: batadv_slave_0
[  215.019054][T10071] batman_adv: batadv0: Interface activated: batadv_slave_1
[  215.052050][ T9620] netdevsim netdevsim0 netdevsim0: set [1, 0] type 2 family 0 port 6081 - 0
[  215.056265][ T9620] netdevsim netdevsim0 netdevsim1: set [1, 0] type 2 family 0 port 6081 - 0
[  215.059439][ T9620] netdevsim netdevsim0 netdevsim2: set [1, 0] type 2 family 0 port 6081 - 0
[  215.063395][ T9620] netdevsim netdevsim0 netdevsim3: set [1, 0] type 2 family 0 port 6081 - 0
[  215.312763][   T12] netdevsim netdevsim0 netdevsim3 (unregistering): unset [1, 0] type 2 family 0 port 6081 - 0
[  215.403471][   T12] netdevsim netdevsim0 netdevsim2 (unregistering): unset [1, 0] type 2 family 0 port 6081 - 0
[  215.662952][ T3457] wlan0: Created IBSS using preconfigured BSSID 50:50:50:50:50:50
[  215.664919][ T3457] wlan0: Creating new IBSS network, BSSID 50:50:50:50:50:50
[  215.787906][ T3457] wlan1: Created IBSS using preconfigured BSSID 50:50:50:50:50:50
[  215.790184][ T3457] wlan1: Creating new IBSS network, BSSID 50:50:50:50:50:50
[  216.024637][T10448] Bluetooth: hci0: unexpected cc 0x0c03 length: 249 > 1
[  216.030295][T10448] Bluetooth: hci0: unexpected cc 0x1003 length: 249 > 9
[  216.033360][T10448] Bluetooth: hci0: unexpected cc 0x1001 length: 249 > 9
[  216.036782][T10448] Bluetooth: hci0: unexpected cc 0x0c23 length: 249 > 4
[  216.039537][T10448] Bluetooth: hci0: unexpected cc 0x0c38 length: 249 > 2
[  216.208982][   T12] netdevsim netdevsim0 netdevsim1 (unregistering): unset [1, 0] type 2 family 0 port 6081 - 0
[  217.105208][   T12] netdevsim netdevsim0 netdevsim0 (unregistering): unset [1, 0] type 2 family 0 port 6081 - 0
[  217.880289][   T12] bridge_slave_1: left allmulticast mode
[  217.882030][   T12] bridge_slave_1: left promiscuous mode
[  217.885285][   T12] bridge0: port 2(bridge_slave_1) entered disabled state
[  217.898962][   T12] bridge_slave_0: left allmulticast mode
[  217.900620][   T12] bridge_slave_0: left promiscuous mode
[  217.902335][   T12] bridge0: port 1(bridge_slave_0) entered disabled state
[  218.584960][   T12] bond0 (unregistering): (slave bond_slave_0): Releasing backup interface
[  218.593273][   T12] bond0 (unregistering): (slave bond_slave_1): Releasing backup interface
[  218.598091][   T12] bond0 (unregistering): Released all slaves
2025/11/23 13:23:03 executed programs: 0
[  218.872668][   T12] hsr_slave_0: left promiscuous mode
[  218.875649][   T12] hsr_slave_1: left promiscuous mode
[  218.884160][   T12] batman_adv: batadv0: Interface deactivated: batadv_slave_0
[  218.885837][   T12] batman_adv: batadv0: Removing interface: batadv_slave_0
[  218.891737][   T12] batman_adv: batadv0: Interface deactivated: batadv_slave_1
[  218.894328][   T12] batman_adv: batadv0: Removing interface: batadv_slave_1
[  218.933626][   T57] Bluetooth: hci0: unexpected cc 0x0c03 length: 249 > 1
[  218.941073][   T57] Bluetooth: hci0: unexpected cc 0x1003 length: 249 > 9
[  218.943996][   T57] Bluetooth: hci0: unexpected cc 0x1001 length: 249 > 9
[  218.948025][   T57] Bluetooth: hci0: unexpected cc 0x0c23 length: 249 > 4
[  218.954032][   T57] Bluetooth: hci0: unexpected cc 0x0c38 length: 249 > 2
[  218.972470][   T12] veth1_macvtap: left promiscuous mode
[  218.974088][   T12] veth0_macvtap: left promiscuous mode
[  218.976222][   T12] veth1_vlan: left promiscuous mode
[  218.977630][   T12] veth0_vlan: left promiscuous mode
[  219.978298][   T12] team0 (unregistering): Port device team_slave_1 removed
[  220.028426][   T12] team0 (unregistering): Port device team_slave_0 removed
[  221.033230][   T57] Bluetooth: hci0: command tx timeout
[  222.055320][T10553] chnl_net:caif_netlink_parms(): no params data found
[  222.503199][T10553] bridge0: port 1(bridge_slave_0) entered blocking state
[  222.506506][T10553] bridge0: port 1(bridge_slave_0) entered disabled state
[  222.508394][T10553] bridge_slave_0: entered allmulticast mode
[  222.514136][T10553] bridge_slave_0: entered promiscuous mode
[  222.597181][T10553] bridge0: port 2(bridge_slave_1) entered blocking state
[  222.599097][T10553] bridge0: port 2(bridge_slave_1) entered disabled state
[  222.602322][T10553] bridge_slave_1: entered allmulticast mode
[  222.606337][T10553] bridge_slave_1: entered promiscuous mode
[  222.743326][T10553] bond0: (slave bond_slave_0): Enslaving as an active interface with an up link
[  222.752819][T10553] bond0: (slave bond_slave_1): Enslaving as an active interface with an up link
[  222.830351][T10553] team0: Port device team_slave_0 added
[  222.836333][T10553] team0: Port device team_slave_1 added
[  222.913381][T10553] batman_adv: batadv0: Adding interface: batadv_slave_0
[  222.915035][T10553] batman_adv: batadv0: The MTU of interface batadv_slave_0 is too small (1500) to handle the transport of batman-adv packets. Packets going over this interface will be fragmented on layer2 which could impact the performance. Setting the MTU to 1532 would solve the problem.
[  222.924716][T10553] batman_adv: batadv0: Not using interface batadv_slave_0 (retrying later): interface not active
[  222.932851][T10553] batman_adv: batadv0: Adding interface: batadv_slave_1
[  222.934443][T10553] batman_adv: batadv0: The MTU of interface batadv_slave_1 is too small (1500) to handle the transport of batman-adv packets. Packets going over this interface will be fragmented on layer2 which could impact the performance. Setting the MTU to 1532 would solve the problem.
[  222.941722][T10553] batman_adv: batadv0: Not using interface batadv_slave_1 (retrying later): interface not active
[  223.052620][T10553] hsr_slave_0: entered promiscuous mode
[  223.055633][T10553] hsr_slave_1: entered promiscuous mode
[  223.121963][   T57] Bluetooth: hci0: command tx timeout
[  223.817188][T10553] netdevsim netdevsim0 netdevsim0: renamed from eth0
[  223.826785][T10553] netdevsim netdevsim0 netdevsim1: renamed from eth1
[  223.835811][T10553] netdevsim netdevsim0 netdevsim2: renamed from eth2
[  223.845942][T10553] netdevsim netdevsim0 netdevsim3: renamed from eth3
[  224.015574][T10553] 8021q: adding VLAN 0 to HW filter on device bond0
[  224.043955][T10553] 8021q: adding VLAN 0 to HW filter on device team0
[  224.058708][   T82] bridge0: port 1(bridge_slave_0) entered blocking state
[  224.061368][   T82] bridge0: port 1(bridge_slave_0) entered forwarding state
[  224.082214][   T82] bridge0: port 2(bridge_slave_1) entered blocking state
[  224.084125][   T82] bridge0: port 2(bridge_slave_1) entered forwarding state
[  224.540227][T10553] 8021q: adding VLAN 0 to HW filter on device batadv0
[  224.617567][T10553] veth0_vlan: entered promiscuous mode
[  224.635057][T10553] veth1_vlan: entered promiscuous mode
[  224.686114][T10553] veth0_macvtap: entered promiscuous mode
[  224.697673][T10553] veth1_macvtap: entered promiscuous mode
[  224.724176][T10553] batman_adv: batadv0: Interface activated: batadv_slave_0
[  224.740788][T10553] batman_adv: batadv0: Interface activated: batadv_slave_1
[  224.755364][   T14] netdevsim netdevsim0 netdevsim0: set [1, 0] type 2 family 0 port 6081 - 0
[  224.759252][   T12] netdevsim netdevsim0 netdevsim1: set [1, 0] type 2 family 0 port 6081 - 0
[  224.767663][   T12] netdevsim netdevsim0 netdevsim2: set [1, 0] type 2 family 0 port 6081 - 0
[  224.770628][   T12] netdevsim netdevsim0 netdevsim3: set [1, 0] type 2 family 0 port 6081 - 0
[  224.885729][ T3457] wlan0: Created IBSS using preconfigured BSSID 50:50:50:50:50:50
[  224.887569][ T3457] wlan0: Creating new IBSS network, BSSID 50:50:50:50:50:50
[  224.952101][   T82] wlan1: Created IBSS using preconfigured BSSID 50:50:50:50:50:50
[  224.953876][   T82] wlan1: Creating new IBSS network, BSSID 50:50:50:50:50:50
2025/11/23 13:23:10 executed programs: 2
[  225.143501][T10942] loop0: detected capacity change from 0 to 4267
[  225.157431][T10942] ------------[ cut here ]------------
[  225.158696][T10942] strnlen: detected buffer overflow: 65 byte read of buffer size 64
[  225.163157][T10942] WARNING: CPU: 0 PID: 10942 at lib/string_helpers.c:1035 __fortify_report+0x9a/0xd0
[  225.165295][T10942] Modules linked in:
[  225.166448][T10942] CPU: 0 UID: 0 PID: 10942 Comm: syz.0.17 Not tainted 6.18.0-rc6 #1 PREEMPT(full) 
[  225.168463][T10942] Hardware name: QEMU Standard PC (i440FX + PIIX, 1996), BIOS 1.15.0-1 04/01/2014
[  225.171008][T10942] RIP: 0010:__fortify_report+0x9a/0xd0
[  225.172925][T10942] Code: af 8b 49 c7 c5 40 c7 af 8b 4c 0f 45 e8 e8 6e 42 20 fd 49 89 e8 4c 89 e2 4c 89 f6 4c 89 e9 48 c7 c7 c0 c7 af 8b e8 a6 59 df fc <0f> 0b 5b 5d 41 5c 41 5d 41 5e e9 47 91 91 06 48 89 de 48 c7 c7 60
[  225.182309][T10942] RSP: 0018:ffffc90003a079b8 EFLAGS: 00010282
[  225.183733][T10942] RAX: 0000000000000000 RBX: 0000000000000001 RCX: ffffffff817a63a9
[  225.185803][T10942] RDX: ffff88801e30a540 RSI: ffffffff817a63b6 RDI: 0000000000000001
[  225.187637][T10942] RBP: 0000000000000040 R08: 0000000000000001 R09: fffff52000740eee
[  225.190150][T10942] R10: 0000000000000001 R11: 0000000000000001 R12: 0000000000000041
[  225.192120][T10942] R13: ffffffff8bafc740 R14: ffffffff8bafd100 R15: ffff88802b099400
[  225.194057][T10942] FS:  00007f25b5ca8640(0000) GS:ffff8880cf31c000(0000) knlGS:0000000000000000
[  225.196141][T10942] CS:  0010 DS: 0000 ES: 0000 CR0: 0000000080050033
[  225.197656][T10942] CR2: 00007f3d5474f4f0 CR3: 000000011c1e8000 CR4: 0000000000752ef0
[  225.199495][T10942] PKRU: 00000000
[  225.200520][T10942] Call Trace:
[  225.201326][T10942]  <TASK>
[  225.202046][T10942]  __fortify_panic+0x23/0x30
[  225.203319][T10942]  ext4_fill_super+0x397d/0xb440
[  225.204524][T10942]  ? snprintf+0xbe/0x100
[  225.205517][T10942]  ? __pfx_snprintf+0x10/0x10
[  225.206623][T10942]  ? __pfx_ext4_fill_super+0x10/0x10
[  225.207847][T10942]  ? find_held_lock+0x2b/0x80
[  225.208960][T10942]  ? set_blocksize+0x414/0x510
[  225.210318][T10942]  ? sb_set_blocksize+0x175/0x1d0
[  225.211493][T10942]  ? setup_bdev_super+0x369/0x740
[  225.212656][T10942]  get_tree_bdev_flags+0x389/0x620
[  225.213846][T10942]  ? __pfx_ext4_fill_super+0x10/0x10
[  225.215086][T10942]  ? __pfx_get_tree_bdev_flags+0x10/0x10
[  225.216408][T10942]  ? apparmor_capable+0x1da/0x460
[  225.217599][T10942]  vfs_get_tree+0x97/0x380
[  225.218661][T10942]  fc_mount+0x1a/0x220
[  225.219873][T10942]  path_mount+0x768/0x2080
[  225.220924][T10942]  ? kasan_quarantine_put+0x10d/0x230
[  225.222246][T10942]  ? __pfx_path_mount+0x10/0x10
[  225.223456][T10942]  ? kmem_cache_free+0x154/0x7e0
[  225.224631][T10942]  ? putname.part.0+0x11b/0x160
[  225.225902][T10942]  ? putname.part.0+0x11b/0x160
[  225.227113][T10942]  ? putname.part.0+0x11b/0x160
[  225.228298][T10942]  ? __x64_sys_mount+0x293/0x310
[  225.229450][T10942]  __x64_sys_mount+0x293/0x310
[  225.230672][T10942]  ? __pfx___x64_sys_mount+0x10/0x10
[  225.232022][T10942]  do_syscall_64+0x72/0xfa0
[  225.233266][T10942]  entry_SYSCALL_64_after_hwframe+0x76/0x7e
[  225.234668][T10942] RIP: 0033:0x7f25b4daffde
[  225.235759][T10942] Code: 48 c7 c0 ff ff ff ff eb aa e8 5e 20 00 00 66 2e 0f 1f 84 00 00 00 00 00 0f 1f 40 00 f3 0f 1e fa 49 89 ca b8 a5 00 00 00 0f 05 <48> 3d 01 f0 ff ff 73 01 c3 48 c7 c1 a8 ff ff ff f7 d8 64 89 01 48
[  225.240268][T10942] RSP: 002b:00007f25b5ca7da8 EFLAGS: 00000246 ORIG_RAX: 00000000000000a5
[  225.242304][T10942] RAX: ffffffffffffffda RBX: 0000000000000b7e RCX: 00007f25b4daffde
[  225.244148][T10942] RDX: 0000200000000b80 RSI: 0000200000000bc0 RDI: 00007f25b5ca7e00
[  225.246022][T10942] RBP: 00007f25b5ca7e40 R08: 00007f25b5ca7e40 R09: 0000000000000004
[  225.247940][T10942] R10: 0000000000000004 R11: 0000000000000246 R12: 0000200000000b80
[  225.249890][T10942] R13: 0000200000000bc0 R14: 00007f25b5ca7e00 R15: 0000200000000400
[  225.251821][T10942]  </TASK>
[  225.252571][T10942] Kernel panic - not syncing: kernel: panic_on_warn set ...
[  225.254259][T10942] CPU: 0 UID: 0 PID: 10942 Comm: syz.0.17 Not tainted 6.18.0-rc6 #1 PREEMPT(full) 
[  225.256306][T10942] Hardware name: QEMU Standard PC (i440FX + PIIX, 1996), BIOS 1.15.0-1 04/01/2014
[  225.258403][T10942] Call Trace:
[  225.259197][T10942]  <TASK>
[  225.259888][T10942]  dump_stack_lvl+0x3d/0x1b0
[  225.260975][T10942]  vpanic+0x679/0x710
[  225.261912][T10942]  ? __fortify_report+0x9a/0xd0
[  225.263091][T10942]  panic+0xc2/0xd0
[  225.263987][T10942]  ? __pfx_panic+0x10/0x10
[  225.265048][T10942]  ? check_panic_on_warn+0x1f/0xc0
[  225.266228][T10942]  check_panic_on_warn+0xb1/0xc0
[  225.267403][T10942]  __warn+0xf6/0x3d0
[  225.268347][T10942]  ? __fortify_report+0x9a/0xd0
[  225.269742][T10942]  report_bug+0x2e1/0x500
[  225.270796][T10942]  ? __fortify_report+0x9a/0xd0
[  225.271989][T10942]  ? __fortify_report+0x9a/0xd0
[  225.273148][T10942]  handle_bug+0x30c/0x3b0
[  225.274204][T10942]  exc_invalid_op+0x35/0x70
[  225.275306][T10942]  asm_exc_invalid_op+0x1a/0x20
[  225.276472][T10942] RIP: 0010:__fortify_report+0x9a/0xd0
[  225.277751][T10942] Code: af 8b 49 c7 c5 40 c7 af 8b 4c 0f 45 e8 e8 6e 42 20 fd 49 89 e8 4c 89 e2 4c 89 f6 4c 89 e9 48 c7 c7 c0 c7 af 8b e8 a6 59 df fc <0f> 0b 5b 5d 41 5c 41 5d 41 5e e9 47 91 91 06 48 89 de 48 c7 c7 60
[  225.282054][T10942] RSP: 0018:ffffc90003a079b8 EFLAGS: 00010282
[  225.283481][T10942] RAX: 0000000000000000 RBX: 0000000000000001 RCX: ffffffff817a63a9
[  225.285301][T10942] RDX: ffff88801e30a540 RSI: ffffffff817a63b6 RDI: 0000000000000001
[  225.287143][T10942] RBP: 0000000000000040 R08: 0000000000000001 R09: fffff52000740eee
[  225.288878][T10942] R10: 0000000000000001 R11: 0000000000000001 R12: 0000000000000041
[  225.290651][T10942] R13: ffffffff8bafc740 R14: ffffffff8bafd100 R15: ffff88802b099400
[  225.292486][T10942]  ? __warn_printk+0x179/0x310
[  225.293645][T10942]  ? __warn_printk+0x186/0x310
[  225.294791][T10942]  ? __fortify_report+0x9a/0xd0
[  225.295990][T10942]  __fortify_panic+0x23/0x30
[  225.297101][T10942]  ext4_fill_super+0x397d/0xb440
[  225.298318][T10942]  ? snprintf+0xbe/0x100
[  225.299341][T10942]  ? __pfx_snprintf+0x10/0x10
[  225.300483][T10942]  ? __pfx_ext4_fill_super+0x10/0x10
[  225.301721][T10942]  ? find_held_lock+0x2b/0x80
[  225.302822][T10942]  ? set_blocksize+0x414/0x510
[  225.303936][T10942]  ? sb_set_blocksize+0x175/0x1d0
[  225.305161][T10942]  ? setup_bdev_super+0x369/0x740
[  225.306338][T10942]  get_tree_bdev_flags+0x389/0x620
[  225.307535][T10942]  ? __pfx_ext4_fill_super+0x10/0x10
[  225.308770][T10942]  ? __pfx_get_tree_bdev_flags+0x10/0x10
[  225.310095][T10942]  ? apparmor_capable+0x1da/0x460
[  225.311281][T10942]  vfs_get_tree+0x97/0x380
[  225.312329][T10942]  fc_mount+0x1a/0x220
[  225.313314][T10942]  path_mount+0x768/0x2080
[  225.314375][T10942]  ? kasan_quarantine_put+0x10d/0x230
[  225.315610][T10942]  ? __pfx_path_mount+0x10/0x10
[  225.316750][T10942]  ? kmem_cache_free+0x154/0x7e0
[  225.317888][T10942]  ? putname.part.0+0x11b/0x160
[  225.319051][T10942]  ? putname.part.0+0x11b/0x160
[  225.320197][T10942]  ? putname.part.0+0x11b/0x160
[  225.321366][T10942]  ? __x64_sys_mount+0x293/0x310
[  225.322524][T10942]  __x64_sys_mount+0x293/0x310
[  225.323659][T10942]  ? __pfx___x64_sys_mount+0x10/0x10
[  225.324890][T10942]  do_syscall_64+0x72/0xfa0
[  225.325947][T10942]  entry_SYSCALL_64_after_hwframe+0x76/0x7e
[  225.327356][T10942] RIP: 0033:0x7f25b4daffde
[  225.328398][T10942] Code: 48 c7 c0 ff ff ff ff eb aa e8 5e 20 00 00 66 2e 0f 1f 84 00 00 00 00 00 0f 1f 40 00 f3 0f 1e fa 49 89 ca b8 a5 00 00 00 0f 05 <48> 3d 01 f0 ff ff 73 01 c3 48 c7 c1 a8 ff ff ff f7 d8 64 89 01 48
[  225.332676][T10942] RSP: 002b:00007f25b5ca7da8 EFLAGS: 00000246 ORIG_RAX: 00000000000000a5
[  225.334552][T10942] RAX: ffffffffffffffda RBX: 0000000000000b7e RCX: 00007f25b4daffde
[  225.336338][T10942] RDX: 0000200000000b80 RSI: 0000200000000bc0 RDI: 00007f25b5ca7e00
[  225.338101][T10942] RBP: 00007f25b5ca7e40 R08: 00007f25b5ca7e40 R09: 0000000000000004
[  225.339860][T10942] R10: 0000000000000004 R11: 0000000000000246 R12: 0000200000000b80
[  225.341669][T10942] R13: 0000200000000bc0 R14: 00007f25b5ca7e00 R15: 0000200000000400
[  225.343477][T10942]  </TASK>
[  225.345910][T10942] Kernel Offset: disabled
[  225.346912][T10942] Rebooting in 86400 seconds..

VM DIAGNOSIS:
21:23:10  Registers:
info registers vcpu 0
RAX=000000000000006f RBX=00000000000003f8 RCX=0000000000000000 RDX=00000000000003f8
RSI=ffffffff851bd105 RDI=ffffffff9a8b54c0 RBP=ffffffff9a8b5480 RSP=ffffc90003a072a0
R8 =0000000000000000 R9 =ffffed1020d20046 R10=0000000000000000 R11=0000000000000005
R12=0000000000000000 R13=000000000000006f R14=ffffffff9a8b5480 R15=ffffffff851bd0a0
RIP=ffffffff851bd12f RFL=00000002 [-------] CPL=0 II=0 A20=1 SMM=0 HLT=0
ES =0000 0000000000000000 ffffffff 00c00000
CS =0010 0000000000000000 ffffffff 00a09b00 DPL=0 CS64 [-RA]
SS =0018 0000000000000000 ffffffff 00c09300 DPL=0 DS   [-WA]
DS =0000 0000000000000000 ffffffff 00c00000
FS =0000 00007f25b5ca8640 ffffffff 00c00000
GS =0000 ffff8880cf31c000 ffffffff 00c00000
LDT=0000 0000000000000000 ffffffff 00c00000
TR =0040 fffffe0000003000 00004087 00008b00 DPL=0 TSS64-busy
GDT=     fffffe0000001000 0000007f
IDT=     fffffe0000000000 00000fff
CR0=80050033 CR2=00007f3d5474f4f0 CR3=000000011c1e8000 CR4=00752ef0
DR0=0000000000000000 DR1=0000000000000000 DR2=0000000000000000 DR3=0000000000000000 
DR6=00000000ffff0ff0 DR7=0000000000000400
EFER=0000000000000d01
FCW=037f FSW=0000 [ST=0] FTW=00 MXCSR=00001f80
FPR0=0000000000000000 0000 FPR1=0000000000000000 0000
FPR2=0000000000000000 0000 FPR3=0000000000000000 0000
FPR4=0000000000000000 0000 FPR5=0000000000000000 0000
FPR6=0000000000000000 0000 FPR7=0000000000000000 0000
Opmask00=0000000000000080 Opmask01=00000000ffffffff Opmask02=000000000000ffff Opmask03=00000000ffffffff
Opmask04=00000000ffffffff Opmask05=00000000ffffffff Opmask06=00000000ffffffff Opmask07=0000000000000000
ZMM00=0000000000000000 0000000000000000 0000000000000000 0000000000000000 0000000000000000 0000000000000000 0000000000000000 0000000000000000
ZMM01=0000000000000000 0000000000000000 0000000000000000 0000000000000000 0000000000000000 0000000000000000 d97e55db02b73ea3 d145445fcd27ede4
ZMM02=0000000000000000 0000000000000000 0000000000000000 0000000000000000 0000000000000000 0000000000000000 ffffffffffffff0f 0e0d0c0b0a090807
ZMM03=0000000000000000 0000000000000000 0000000000000000 0000000000000000 0000000000000000 0000000000000000 50564544002f7365 63697665642f7379
ZMM04=0000000000000000 0000000000000000 0000000000000000 0000000000000000 0000000000000000 0000000000000000 0000000069230abc 0000000000000000
ZMM05=0000000000000000 0000000000000000 0000000000000000 0000000000000000 0000000000000000 0000000000000000 0000000069230abc 000000003804eb06
ZMM06=0000000000000000 0000000000000000 0000000000000000 0000000000000000 0000000000000000 0000000000000000 0000000069230abc 000000003804eb06
ZMM07=0000000000000000 0000000000000000 0000000000000000 0000000000000000 0000000000000000 0000000000000000 0000000000000000 0000000000000000
ZMM08=0000000000000000 0000000000000000 0000000000000000 0000000000000000 0000000000000000 0000000000000000 0000000000000000 0000000000000000
ZMM09=0000000000000000 0000000000000000 0000000000000000 0000000000000000 0000000000000000 0000000000000000 0707505151515151 685b070724110022
ZMM10=0000000000000000 0000000000000000 0000000000000000 0000000000000000 0000000000000000 0000000000000000 6b07070707070707 0707075051515151
ZMM11=0000000000000000 0000000000000000 0000000000000000 0000000000000000 0000000000000000 0000000000000000 0000000000000000 0000000000000000
ZMM12=0000000000000000 0000000000000000 0000000000000000 0000000000000000 0000000000000000 0000000000000000 0000000000000000 0000000000000000
ZMM13=0000000000000000 0000000000000000 0000000000000000 0000000000000000 0000000000000000 0000000000000000 0000000000000000 0000000000000000
ZMM14=0000000000000000 0000000000000000 0000000000000000 0000000000000000 0000000000000000 0000000000000000 0000000000000000 0000000000000000
ZMM15=0000000000000000 0000000000000000 0000000000000000 0000000000000000 0000000000000000 0000000000000000 0000000000000000 0000000000000000
ZMM16=0000000000000000 0000000000000000 0000000000000000 0000000000000000 a1fcdcf819d7e1e5 000000000038fb28 5837fe9dc1c91f32 000000000038fa18
ZMM17=0000000000000000 0000000000000000 0000000000000000 0000000000000000 7c77d30c4bce78b3 000000000038fd80 8ca0b852b1c7c8e1 000000000038fbb8
ZMM18=0000000000000000 0000000000000000 0000000000000000 0000000000000000 d3fdd5f48436fbd7 000000000038fec8 4303bac98667f513 000000000038fe20
ZMM19=0000000000000000 0000000000000000 0000000000000000 0000000000000000 366723f5df2b6242 0000000000524c60 ac8bc31478ec8511 00000000003923d8
ZMM20=0000000000000000 0000000000000000 0000000000000000 0000000000000000 38e3004cddac9048 0000000000524cc8 366723f5df2b6242 0000000000524c60
ZMM21=0000000000000000 0000000000000000 0000000000000000 0000000000000000 ac8bc31478ec8511 00000000003923d8 d3fdd5f48436fbd7 000000000038fec8
ZMM22=0000000000000000 0000000000000000 0000000000000000 0000000000000000 4303bac98667f513 000000000038fe20 7c77d30c4bce78b3 000000000038fd80
ZMM23=0000000000000000 0000000000000000 0000000000000000 0000000000000000 8ca0b852b1c7c8e1 000000000038fbb8 a1fcdcf819d7e1e5 000000000038fb28
ZMM24=0000000000000000 0000000000000000 0000000000000000 0000000000000000 68a8aee3740b9fad 00000000004d92e8 d12871896912de2d 00000000004d9208
ZMM25=0000000000000000 0000000000000000 0000000000000000 0000000000000000 0000000000000000 0000000000000000 0000000000000000 0000000000000000
ZMM26=0000000000000000 0000000000000000 0000000000000000 0000000000000000 0000000000000000 0000000000000000 0000000000000000 0000000000000000
ZMM27=0000000000000000 0000000000000000 0000000000000000 0000000000000000 0000000000000000 0000000000000000 0000000000000000 0000000000000000
ZMM28=0000000000000000 0000000000000000 0000000000000000 0000000000000000 0000000000000000 0000000000000000 0000000000000000 0000000000000000
ZMM29=0000000000000000 0000000000000000 0000000000000000 0000000000000000 0000000000000000 0000000000000000 0000000000000000 0000000000000000
ZMM30=0000000000000000 0000000000000000 0000000000000000 0000000000000000 0000000000000000 0000000000000000 0000000000000000 0000000000000000
ZMM31=0000000000000000 0000000000000000 0000000000000000 0000000000000000 0000000000000000 0000000000000000 0000000000000000 0000000000000000
info registers vcpu 1
RAX=1ffff92000764fad RBX=dffffc0000000000 RCX=1ffff11026bc4fab RDX=ffffed1026bc4faa
RSI=ffff888135e27d50 RDI=ffff888135e3af18 RBP=ffff888135e285f8 RSP=ffffc900001d8d88
R8 =0000000000000000 R9 =fffffbfff2075f7a R10=ffffc90008fefd68 R11=0000000000000001
R12=ffff888135e3af08 R13=ffffc90003b27d68 R14=0000000000000000 R15=ffff888135e27d50
RIP=ffffffff8b24c20a RFL=00000046 [---Z-P-] CPL=0 II=0 A20=1 SMM=0 HLT=0
ES =0000 0000000000000000 ffffffff 00c00100
CS =0010 0000000000000000 ffffffff 00a09b00 DPL=0 CS64 [-RA]
SS =0018 0000000000000000 ffffffff 00c09300 DPL=0 DS   [-WA]
DS =0000 0000000000000000 ffffffff 00c00100
FS =0000 0000000000000000 ffffffff 00c00100
GS =0000 ffff8881a291c000 ffffffff 00c00100
LDT=0000 0000000000000000 00000000 00000000
TR =0040 fffffe000004a000 00004087 00008b00 DPL=0 TSS64-busy
GDT=     fffffe0000048000 0000007f
IDT=     fffffe0000000000 00000fff
CR0=80050033 CR2=000056491552ec18 CR3=0000000029765000 CR4=00752ef0
DR0=0000000000000000 DR1=0000000000000000 DR2=0000000000000000 DR3=0000000000000000 
DR6=00000000ffff0ff0 DR7=0000000000000400
EFER=0000000000000d01
FCW=037f FSW=0000 [ST=0] FTW=00 MXCSR=00001f80
FPR0=0000000000000000 0000 FPR1=0000000000000000 0000
FPR2=0000000000000000 0000 FPR3=0000000000000000 0000
FPR4=0000000000000000 0000 FPR5=0000000000000000 0000
FPR6=0000000000000000 0000 FPR7=0000000000000000 0000
Opmask00=0000000000008001 Opmask01=0000000000000fff Opmask02=00000000ffffffef Opmask03=0000000000000000
Opmask04=0000000000000000 Opmask05=0000000000000000 Opmask06=0000000000000000 Opmask07=0000000000000000
ZMM00=0000000000000000 0000000000000000 0000000000000000 0000000000000000 0000000000000000 0000000000000000 00000000000f4240 0000000000000000
ZMM01=0000000000000000 0000000000000000 0000000000000000 0000000000000000 0000000000000000 0000000000000000 0000000000000000 00000000000f4240
ZMM02=0000000000000000 0000000000000000 0000000000000000 0000000000000000 0000000000000000 0000000000000000 00007f25b4db1b35 00007f25b4fb9de8
ZMM03=0000000000000000 0000000000000000 0000000000000000 0000000000000000 0000000000000000 0000000000000000 00007ffe8fb07928 0000003000000030
ZMM04=0000000000000000 0000000000000000 0000000000000000 0000000000000000 0000000000000000 0000000000000000 2823f531eb6ae100 0000000000000000
ZMM05=0000000000000000 0000000000000000 0000000000000000 0000000000000000 0000000000000000 0000000000000000 0000000000000000 00007f25b4e481fa
ZMM06=0000000000000000 0000000000000000 0000000000000000 0000000000000000 0000000000000000 0000000000000000 0000000000000000 00007ffe8fb07aa0
ZMM07=0000000000000000 0000000000000000 0000000000000000 0000000000000000 0000000000000000 0000000000000000 00007ffe8fb07bf0 00007ffe8fb07bb0
ZMM08=0000000000000000 0000000000000000 0000000000000000 0000000000000000 0000000000000000 0000000000000000 0000000000000000 0000000000000000
ZMM09=0000000000000000 0000000000000000 0000000000000000 0000000000000000 0000000000000000 0000000000000000 0000000000000000 0000000000000000
ZMM10=0000000000000000 0000000000000000 0000000000000000 0000000000000000 0000000000000000 0000000000000000 0000000000000000 0000000000000000
ZMM11=0000000000000000 0000000000000000 0000000000000000 0000000000000000 0000000000000000 0000000000000000 0000000000000000 0000000000000000
ZMM12=0000000000000000 0000000000000000 0000000000000000 0000000000000000 0000000000000000 0000000000000000 0000000000000000 0000000000000000
ZMM13=0000000000000000 0000000000000000 0000000000000000 0000000000000000 0000000000000000 0000000000000000 0000000000000000 0000000000000000
ZMM14=0000000000000000 0000000000000000 0000000000000000 0000000000000000 0000000000000000 0000000000000000 0000000000000000 0000000000000000
ZMM15=0000000000000000 0000000000000000 0000000000000000 0000000000000000 0000000000000000 0000000000000000 0000000000000000 0000000000000000
ZMM16=0000000000000000 0000000000000000 0000000000000000 0000000000000000 0000000000000000 0000000000000000 0000000000000000 0000000000000000
ZMM17=0000000000000000 0000000000000000 0000000000000000 0000000000000000 00007f25b4fbf308 00007f25b4fbf300 00007f25b4fbf2f8 00007f25b4fbf2d0
ZMM18=0000000000000000 0000000000000000 0000000000000000 0000000000000000 00007f25b5b2d0c0 00007f25b4fbf2c0 00007f25b4fbf2d8 00007f25b4fbf320
ZMM19=0000000000000000 0000000000000000 0000000000000000 0000000000000000 00007f25b4fbf318 00007f25b4fbf310 00007f25b4fbf308 00007f25b4fbf300
ZMM20=0000000000000000 0000000000000000 0000000000000000 0000000000000000 0000000000000000 0000000000000000 0000000000000000 0000000000000000
ZMM21=0000000000000000 0000000000000000 0000000000000000 0000000000000000 a2019bfaffff0000 004ff3a400000000 0000000000000000 0000000000000000
ZMM22=0000000000000000 0000000000000000 0000000000000000 0000000000000000 0000000000000000 0000000000000000 0000000000000000 0000000000000000
ZMM23=0000000000000000 0000000000000000 0000000000000000 0000000000000000 0000000000000000 0000000000000000 0000000000000000 0000000000000000
ZMM24=0000000000000000 0000000000000000 0000000000000000 0000000000000000 0000000000000000 0000000000000000 0000000000000000 0000000000000000
ZMM25=0000000000000000 0000000000000000 0000000000000000 0000000000000000 0000000000000000 0000000000000000 0000000000000000 0000000000000000
ZMM26=0000000000000000 0000000000000000 0000000000000000 0000000000000000 0000000000000000 0000000000000000 0000000000000000 0000000000000000
ZMM27=0000000000000000 0000000000000000 0000000000000000 0000000000000000 0000000000000000 0000000000000000 0000000000000000 0000000000000000
ZMM28=0000000000000000 0000000000000000 0000000000000000 0000000000000000 0000000000000000 0000000000000000 0000000000000000 0000000000000000
ZMM29=0000000000000000 0000000000000000 0000000000000000 0000000000000000 0000000000000000 0000000000000000 0000000000000000 0000000000000000
ZMM30=0000000000000000 0000000000000000 0000000000000000 0000000000000000 0000000000000000 0000000000000000 0000000000000000 0000000000000000
ZMM31=0000000000000000 0000000000000000 0000000000000000 0000000000000000 0000000000000000 0000000000000000 0000000000000000 0000000000000000
